-Fri Mar 20 15:44:55 2020
PID: 7674 value:0.000.
-Fri Mar 20 15:44:55 2020
1.000.

-Fri Mar 20 15:44:56 2020
PID: 7674 value:1.000.
-Fri Mar 20 15:44:56 2020
2.000.

-Fri Mar 20 15:44:57 2020
PID: 7674 value:2.000.
-Fri Mar 20 15:44:57 2020
3.000.

-Wed Mar 25 14:56:01 2020
PID: 7218 value:22330060813339983872.000.
-Wed Mar 25 14:56:01 2020
22330060813339983872.000.

-Wed Mar 25 14:56:02 2020
PID: 7218 value:22330060813339983872.000.
-Wed Mar 25 14:56:02 2020
22330060813339983872.000.

-Wed Mar 25 14:56:03 2020
PID: 7218 value:22330060813339983872.000.
-Wed Mar 25 14:56:03 2020
22330060813339983872.000.

-Wed Mar 25 14:56:42 2020
PID: 7264 value:2212158341743284495428091904.000.
-Wed Mar 25 14:56:42 2020
2212158341743284495428091904.000.

-Wed Mar 25 14:56:43 2020
PID: 7264 value:2212158341743284495428091904.000.
-Wed Mar 25 14:56:43 2020
2212158341743284495428091904.000.

-Wed Mar 25 14:56:44 2020
PID: 7264 value:2212158341743284495428091904.000.
-Wed Mar 25 14:56:44 2020
2212158341743284495428091904.000.

-Wed Mar 25 14:56:54 2020
PID: 7264 value:2212158341743284495428091904.000.
-Wed Mar 25 14:56:54 2020
2212158341743284495428091904.000.

-Wed Mar 25 14:56:55 2020
PID: 7264 value:2212158341743284495428091904.000.
-Wed Mar 25 14:56:55 2020
2212158341743284495428091904.000.

-Wed Mar 25 14:56:56 2020
PID: 7264 value:2212158341743284495428091904.000.
-Wed Mar 25 14:56:56 2020
2212158341743284495428091904.000.

-Wed Mar 25 14:57:15 2020
PID: 7274 value:280766085629725911034101760.000.
-Wed Mar 25 14:57:15 2020
280766085629725911034101760.000.

-Wed Mar 25 14:57:16 2020
PID: 7274 value:280766085629725911034101760.000.
-Wed Mar 25 14:57:16 2020
280766085629725911034101760.000.

-Wed Mar 25 14:57:17 2020
PID: 7274 value:280766085629725911034101760.000.
-Wed Mar 25 14:57:17 2020
280766085629725911034101760.000.

-Wed Mar 25 15:01:07 2020
PID: 7403 value:0.000.
-Wed Mar 25 15:01:07 2020
1.000.

-Wed Mar 25 15:01:08 2020
PID: 7403 value:1.000.
-Wed Mar 25 15:01:08 2020
2.000.

-Wed Mar 25 15:01:09 2020
PID: 7403 value:2.000.
-Wed Mar 25 15:01:09 2020
3.000.

-Wed Mar 25 15:01:16 2020
PID: 7403 value:3.000.
-Wed Mar 25 15:01:16 2020
4.000.

-Wed Mar 25 15:01:17 2020
PID: 7403 value:4.000.
-Wed Mar 25 15:01:17 2020
5.000.

-Wed Mar 25 15:01:18 2020
PID: 7403 value:5.000.
-Wed Mar 25 15:01:18 2020
6.000.

-Wed Mar 25 15:02:05 2020
PID: 7443 value:0.000.
-Wed Mar 25 15:02:05 2020
1.000.

-Wed Mar 25 15:02:06 2020
PID: 7443 value:1.000.
-Wed Mar 25 15:02:06 2020
2.000.

-Wed Mar 25 15:02:07 2020
PID: 7443 value:2.000.
-Wed Mar 25 15:02:07 2020
3.000.

-Wed Mar 25 15:02:09 2020
PID: 7443 value:3.000.
-Wed Mar 25 15:02:09 2020
4.000.

-Wed Mar 25 15:02:10 2020
PID: 7443 value:4.000.
-Wed Mar 25 15:02:10 2020
5.000.

-Wed Mar 25 15:02:11 2020
PID: 7443 value:5.000.
-Wed Mar 25 15:02:11 2020
6.000.

-Wed Mar 25 15:07:17 2020
PID: 7569 value:0.000.
-Wed Mar 25 15:07:17 2020
1.000.

-Wed Mar 25 15:07:18 2020
PID: 7569 value:1.000.
-Wed Mar 25 15:07:18 2020
2.000.

-Wed Mar 25 15:07:19 2020
PID: 7569 value:2.000.
-Wed Mar 25 15:07:19 2020
3.000.

-Wed Mar 25 15:07:32 2020
PID: 7569 value:3.000.
-Wed Mar 25 15:07:32 2020
4.000.

-Wed Mar 25 15:07:33 2020
PID: 7569 value:4.000.
-Wed Mar 25 15:07:33 2020
5.000.

-Wed Mar 25 15:07:36 2020
PID: 7569 value:5.000.
-Wed Mar 25 15:07:36 2020
6.000.

-Wed Mar 25 15:07:39 2020
PID: 7569 value:6.000.
-Wed Mar 25 15:07:39 2020
7.000.

-Wed Mar 25 15:07:40 2020
PID: 7569 value:7.000.
-Wed Mar 25 15:07:40 2020
8.000.

-Wed Mar 25 15:07:41 2020
PID: 7569 value:8.000.
-Wed Mar 25 15:07:41 2020
9.000.

-Wed Mar 25 15:07:42 2020
PID: 7569 value:9.000.
-Wed Mar 25 15:07:42 2020
10.000.

-Wed Mar 25 15:07:43 2020
PID: 7569 value:10.000.
-Wed Mar 25 15:07:43 2020
11.000.

-Wed Mar 25 15:07:44 2020
PID: 7569 value:11.000.
-Wed Mar 25 15:07:44 2020
12.000.

-Wed Mar 25 15:07:45 2020
PID: 7569 value:12.000.
-Wed Mar 25 15:07:45 2020
13.000.

-Wed Mar 25 15:07:46 2020
PID: 7569 value:13.000.
-Wed Mar 25 15:07:46 2020
14.000.

-Wed Mar 25 15:07:53 2020
PID: 7569 value:14.000.
-Wed Mar 25 15:07:53 2020
15.000.

-Wed Mar 25 15:07:54 2020
PID: 7569 value:15.000.
-Wed Mar 25 15:07:54 2020
16.000.

-Wed Mar 25 15:10:29 2020
PID: 7761 value:0.000.
-Wed Mar 25 15:10:29 2020
1.000.

-Wed Mar 25 15:10:30 2020
PID: 7761 value:1.000.
-Wed Mar 25 15:10:30 2020
2.000.

-Wed Mar 25 15:10:31 2020
PID: 7761 value:2.000.
-Wed Mar 25 15:10:31 2020
3.000.

-Wed Mar 25 15:15:15 2020
PID: 7878 value:0.000.
-Wed Mar 25 15:15:15 2020
1.000.

-Wed Mar 25 15:15:16 2020
PID: 7878 value:1.000.
-Wed Mar 25 15:15:16 2020
2.000.

-Fri Jul 17 12:50:12 2020
PID: 9596 value:0.000.
-Fri Jul 17 12:50:12 2020
1.000.

-Fri Jul 17 12:50:13 2020
PID: 9596 value:1.000.
-Fri Jul 17 12:50:13 2020
2.000.

-Fri Jul 17 12:50:14 2020
PID: 9596 value:2.000.
-Fri Jul 17 12:50:14 2020
3.000.

-Fri Jul 17 12:50:17 2020
PID: 9596 value:3.000.
-Fri Jul 17 12:50:17 2020
4.000.

-Fri Jul 17 12:50:18 2020
PID: 9596 value:4.000.
-Fri Jul 17 12:50:18 2020
5.000.

-Fri Jul 17 12:50:19 2020
PID: 9596 value:5.000.
-Fri Jul 17 12:50:19 2020
6.000.

-Fri Jul 17 12:50:20 2020
PID: 9596 value:6.000.
-Fri Jul 17 12:50:20 2020
7.000.

-Fri Jul 17 12:50:21 2020
PID: 9596 value:7.000.
-Fri Jul 17 12:50:21 2020
8.000.

-Fri Jul 17 12:50:22 2020
PID: 9596 value:8.000.
-Fri Jul 17 12:50:22 2020
9.000.

-Fri Jul 17 12:50:23 2020
PID: 9596 value:9.000.
-Fri Jul 17 12:50:23 2020
10.000.

-Fri Jul 17 12:50:24 2020
PID: 9596 value:10.000.
-Fri Jul 17 12:50:24 2020
11.000.

-Fri Jul 17 12:50:44 2020
PID: 9596 value:11.000.
-Fri Jul 17 12:50:44 2020
12.000.

-Fri Jul 17 12:50:45 2020
PID: 9596 value:12.000.
-Fri Jul 17 12:50:45 2020
13.000.

-Fri Jul 17 12:50:46 2020
PID: 9596 value:13.000.
-Fri Jul 17 12:50:46 2020
14.000.

-Fri Jul 17 12:50:47 2020
PID: 9596 value:14.000.
-Fri Jul 17 12:50:47 2020
15.000.

-Fri Jul 17 12:50:48 2020
PID: 9596 value:15.000.
-Fri Jul 17 12:50:48 2020
16.000.

-Fri Jul 17 12:50:57 2020
PID: 9596 value:16.000.
-Fri Jul 17 12:50:57 2020
17.000.

-Fri Jul 17 12:50:58 2020
PID: 9596 value:17.000.
-Fri Jul 17 12:50:58 2020
18.000.

-Wed Jul 22 22:07:58 2020
PID: 9069 value:0.000.
-Wed Jul 22 22:07:58 2020
1.000.

-Wed Jul 22 22:07:59 2020
PID: 9069 value:1.000.
-Wed Jul 22 22:07:59 2020
2.000.

-Wed Jul 22 22:08:00 2020
PID: 9069 value:2.000.
-Wed Jul 22 22:08:00 2020
3.000.

-Wed Jul 22 22:08:21 2020
PID: 9094 value:3.000.
-Wed Jul 22 22:08:21 2020
4.000.

-Wed Jul 22 22:13:12 2020
PID: 9351 value:0.000.
-Wed Jul 22 22:13:12 2020
1.000.

-Wed Jul 22 22:13:13 2020
PID: 9351 value:1.000.
-Wed Jul 22 22:13:13 2020
2.000.

-Wed Jul 22 22:13:14 2020
PID: 9351 value:2.000.
-Wed Jul 22 22:13:14 2020
3.000.

-Wed Jul 22 22:13:18 2020
PID: 9351 value:3.000.
-Wed Jul 22 22:13:18 2020
4.000.

-Wed Jul 22 22:13:19 2020
PID: 9351 value:4.000.
-Wed Jul 22 22:13:19 2020
5.000.

-Wed Jul 22 22:13:20 2020
PID: 9351 value:5.000.
-Wed Jul 22 22:13:20 2020
6.000.

-Wed Jul 22 22:13:21 2020
PID: 9351 value:6.000.
-Wed Jul 22 22:13:21 2020
7.000.

-Wed Jul 22 22:13:22 2020
PID: 9351 value:7.000.
-Wed Jul 22 22:13:22 2020
8.000.

-Wed Jul 22 22:13:29 2020
PID: 9351 value:8.000.
-Wed Jul 22 22:13:29 2020
9.000.

-Wed Jul 22 22:13:30 2020
PID: 9351 value:9.000.
-Wed Jul 22 22:13:30 2020
10.000.

-Wed Jul 22 22:13:31 2020
PID: 9351 value:10.000.
-Wed Jul 22 22:13:31 2020
11.000.

-Wed Jul 22 22:13:32 2020
PID: 9351 value:11.000.
-Wed Jul 22 22:13:32 2020
12.000.

-Wed Jul 22 22:13:33 2020
PID: 9351 value:12.000.
-Wed Jul 22 22:13:33 2020
13.000.

-Wed Jul 22 22:13:47 2020
PID: 9351 value:13.000.
-Wed Jul 22 22:13:47 2020
14.000.

-Wed Jul 22 22:13:48 2020
PID: 9351 value:14.000.
-Wed Jul 22 22:13:48 2020
15.000.

-Wed Jul 22 22:13:52 2020
PID: 9351 value:15.000.
-Wed Jul 22 22:13:52 2020
16.000.

-Wed Jul 22 22:13:53 2020
PID: 9351 value:16.000.
-Wed Jul 22 22:13:53 2020
17.000.

-Wed Jul 22 22:13:54 2020
PID: 9351 value:17.000.
-Wed Jul 22 22:13:54 2020
18.000.

-Wed Jul 22 22:13:55 2020
PID: 9351 value:18.000.
-Wed Jul 22 22:13:55 2020
19.000.

-Wed Jul 22 22:16:17 2020
PID: 9502 value:0.000.
-Wed Jul 22 22:16:17 2020
1.000.

-Wed Jul 22 22:16:18 2020
PID: 9502 value:1.000.
-Wed Jul 22 22:16:18 2020
2.000.

-Wed Jul 22 22:16:19 2020
PID: 9502 value:2.000.
-Wed Jul 22 22:16:19 2020
3.000.

-Wed Jul 22 22:17:29 2020
PID: 9539 value:0.000.
-Wed Jul 22 22:17:29 2020
1.000.

-Wed Jul 22 22:17:30 2020
PID: 9539 value:1.000.
-Wed Jul 22 22:17:30 2020
2.000.

-Wed Jul 22 22:17:31 2020
PID: 9539 value:2.000.
-Wed Jul 22 22:17:31 2020
3.000.

-Wed Jul 22 22:17:44 2020
PID: 9539 value:3.000.
-Wed Jul 22 22:17:44 2020
4.000.

-Wed Jul 22 22:17:45 2020
PID: 9539 value:4.000.
-Wed Jul 22 22:17:45 2020
5.000.

-Wed Jul 22 22:17:46 2020
PID: 9539 value:5.000.
-Wed Jul 22 22:17:46 2020
6.000.

-Wed Jul 22 22:17:47 2020
PID: 9539 value:6.000.
-Wed Jul 22 22:17:47 2020
7.000.

-Wed Jul 22 22:17:48 2020
PID: 9539 value:7.000.
-Wed Jul 22 22:17:48 2020
8.000.

-Wed Jul 22 22:17:49 2020
PID: 9539 value:8.000.
-Wed Jul 22 22:17:49 2020
9.000.

-Wed Jul 22 22:17:50 2020
PID: 9539 value:9.000.
-Wed Jul 22 22:17:50 2020
10.000.

-Wed Jul 22 22:17:51 2020
PID: 9539 value:10.000.
-Wed Jul 22 22:17:51 2020
11.000.

-Wed Jul 22 22:18:21 2020
PID: 9539 value:11.000.
-Wed Jul 22 22:18:21 2020
12.000.

-Wed Jul 22 22:18:22 2020
PID: 9539 value:12.000.
-Wed Jul 22 22:18:22 2020
13.000.

-Wed Jul 22 22:18:23 2020
PID: 9539 value:13.000.
-Wed Jul 22 22:18:23 2020
14.000.

-Wed Jul 22 22:18:24 2020
PID: 9539 value:14.000.
-Wed Jul 22 22:18:24 2020
15.000.

-Wed Jul 22 22:18:25 2020
PID: 9539 value:15.000.
-Wed Jul 22 22:18:25 2020
16.000.

-Wed Jul 22 22:18:26 2020
PID: 9539 value:16.000.
-Wed Jul 22 22:18:26 2020
17.000.

-Wed Jul 22 22:18:27 2020
PID: 9539 value:17.000.
-Wed Jul 22 22:18:27 2020
18.000.

-Wed Jul 22 22:18:28 2020
PID: 9539 value:18.000.
-Wed Jul 22 22:18:28 2020
19.000.

-Wed Jul 22 22:18:29 2020
PID: 9539 value:19.000.
-Wed Jul 22 22:18:29 2020
20.000.

-Wed Jul 22 22:18:35 2020
PID: 9539 value:20.000.
-Wed Jul 22 22:18:35 2020
21.000.

-Wed Jul 22 22:18:36 2020
PID: 9539 value:21.000.
-Wed Jul 22 22:18:36 2020
22.000.

-Wed Jul 22 22:18:37 2020
PID: 9539 value:22.000.
-Wed Jul 22 22:18:37 2020
23.000.

-Thu Jul 22 12:39:25 2021
PID: 10053 value:0.000.
-Thu Jul 22 12:39:25 2021
1.000.

-Thu Jul 22 12:39:26 2021
PID: 10053 value:1.000.
-Thu Jul 22 12:39:26 2021
2.000.

-Thu Jul 22 12:39:27 2021
PID: 10053 value:2.000.
-Thu Jul 22 12:39:27 2021
3.000.

-Thu Jul 22 12:40:09 2021
PID: 10139 value:0.000.
-Thu Jul 22 12:40:09 2021
12.560.

-Thu Jul 22 12:40:10 2021
PID: 10139 value:0.000.
-Thu Jul 22 12:40:10 2021
12.560.

-Thu Jul 22 12:40:11 2021
PID: 10139 value:0.000.
-Thu Jul 22 12:40:11 2021
12.560.

-Thu Jul 22 12:40:12 2021
PID: 10139 value:0.000.
-Thu Jul 22 12:40:12 2021
12.560.

-Thu Jul 22 12:40:13 2021
PID: 10139 value:0.000.
-Thu Jul 22 12:40:13 2021
12.560.

-Thu Jul 22 12:40:14 2021
PID: 10139 value:0.000.
-Thu Jul 22 12:40:14 2021
12.560.

-Thu Jul 22 12:40:15 2021
PID: 10139 value:0.000.
-Thu Jul 22 12:40:15 2021
12.560.

-Thu Jul 22 12:40:16 2021
PID: 10139 value:0.000.
-Thu Jul 22 12:40:16 2021
12.560.

-Thu Jul 22 12:40:17 2021
PID: 10139 value:0.000.
-Thu Jul 22 12:40:17 2021
12.560.

-Thu Jul 22 12:40:18 2021
PID: 10139 value:0.000.
-Thu Jul 22 12:40:18 2021
12.560.

-Thu Jul 22 12:40:19 2021
PID: 10139 value:0.000.
-Thu Jul 22 12:40:19 2021
12.560.

-Thu Jul 22 12:40:20 2021
PID: 10139 value:0.000.
-Thu Jul 22 12:40:20 2021
12.560.

-Thu Jul 22 12:40:21 2021
PID: 10139 value:0.000.
-Thu Jul 22 12:40:21 2021
12.560.

-Thu Jul 22 12:41:40 2021
PID: 10184 value:0.000.
-Thu Jul 22 12:41:40 2021
12.560.

-Thu Jul 22 12:41:41 2021
PID: 10184 value:12.560.
-Thu Jul 22 12:41:41 2021
-965.573.

-Thu Jul 22 12:41:42 2021
PID: 10184 value:-965.573.
-Thu Jul 22 12:41:42 2021
-5855989.500.

-Thu Jul 22 12:41:43 2021
PID: 10184 value:-5855989.500.
-Thu Jul 22 12:41:43 2021
-215357612621824.000.

-Thu Jul 22 12:41:44 2021
PID: 10184 value:-215357612621824.000.
-Thu Jul 22 12:41:44 2021
-291259508617357959987042713600.000.

-Thu Jul 22 12:41:45 2021
PID: 10184 value:-291259508617357959987042713600.000.
-Thu Jul 22 12:41:45 2021
-inf.

-Thu Jul 22 12:41:46 2021
PID: 10184 value:-inf.
-Thu Jul 22 12:41:46 2021
-inf.

-Thu Jul 22 12:41:47 2021
PID: 10184 value:-inf.
-Thu Jul 22 12:41:47 2021
-inf.

-Thu Jul 22 12:41:48 2021
PID: 10184 value:-inf.
-Thu Jul 22 12:41:48 2021
-inf.

-Thu Jul 22 12:41:49 2021
PID: 10184 value:-inf.
-Thu Jul 22 12:41:49 2021
-inf.

-Thu Jul 22 12:41:50 2021
PID: 10184 value:-inf.
-Thu Jul 22 12:41:50 2021
-inf.

-Thu Jul 22 12:44:05 2021
PID: 10482 value:0.000.
-Thu Jul 22 12:44:05 2021
12.560.

-Thu Jul 22 12:44:06 2021
PID: 10482 value:12.560.
-Thu Jul 22 12:44:06 2021
-965.573.

-Thu Jul 22 12:44:07 2021
PID: 10482 value:-965.573.
-Thu Jul 22 12:44:07 2021
-5855989.500.

-Thu Jul 22 12:44:08 2021
PID: 10482 value:-5855989.500.
-Thu Jul 22 12:44:08 2021
-215357612621824.000.

-Thu Jul 22 12:44:09 2021
PID: 10482 value:-215357612621824.000.
-Thu Jul 22 12:44:09 2021
-291259508617357959987042713600.000.

-Thu Jul 22 12:44:10 2021
PID: 10482 value:-291259508617357959987042713600.000.
-Thu Jul 22 12:44:10 2021
-inf.

-Thu Jul 22 12:44:11 2021
PID: 10482 value:-inf.
-Thu Jul 22 12:44:11 2021
-inf.

-Thu Jul 22 12:44:58 2021
PID: 10480 value:18.000.
-Thu Jul 22 12:44:58 2021
0.000.

-Thu Jul 22 12:47:21 2021
PID: 10568 value:0.000.
-Thu Jul 22 12:47:21 2021
12.560.

-Thu Jul 22 12:47:22 2021
PID: 10568 value:12.560.
-Thu Jul 22 12:47:22 2021
-965.573.

-Thu Jul 22 12:47:23 2021
PID: 10568 value:-965.573.
-Thu Jul 22 12:47:23 2021
-5855989.500.

-Thu Jul 22 12:47:24 2021
PID: 10568 value:-5855989.500.
-Thu Jul 22 12:47:24 2021
-215357612621824.000.

-Thu Jul 22 12:47:25 2021
PID: 10568 value:-215357612621824.000.
-Thu Jul 22 12:47:25 2021
-291259508617357959987042713600.000.

-Thu Jul 22 12:47:26 2021
PID: 10568 value:-291259508617357959987042713600.000.
-Thu Jul 22 12:47:26 2021
-inf.

-Thu Jul 22 12:47:27 2021
PID: 10568 value:-inf.
-Thu Jul 22 12:47:27 2021
-inf.

-Thu Jul 22 12:47:54 2021
PID: 10566 value:18.000.
-Thu Jul 22 12:47:54 2021
0.000.

-Thu Sep 16 16:08:02 2021
PID: 5429 value:0.000.
-Thu Sep 16 16:08:02 2021
0.000.

-Thu Sep 16 16:08:02 2021
PID: 5429 value:0.000.
-Thu Sep 16 16:08:02 2021
0.000.

-Thu Sep 16 16:08:02 2021
PID: 5429 value:0.000.
-Thu Sep 16 16:08:02 2021
0.000.

-Thu Sep 16 16:08:02 2021
PID: 5429 value:225178890652990046208.000.
-Thu Sep 16 16:08:02 2021
0.000.

-Thu Sep 16 16:08:02 2021
PID: 5429 value:0.000.
-Thu Sep 16 16:08:02 2021
0.000.

-Thu Sep 16 16:08:02 2021
PID: 5429 value:126443839488.000.
-Thu Sep 16 16:08:02 2021
2.642.

-Thu Sep 16 16:08:03 2021
PID: 5429 value:225178890652990046208.000.
-Thu Sep 16 16:08:03 2021
0.000.

-Thu Sep 16 16:08:03 2021
PID: 5429 value:0.000.
-Thu Sep 16 16:08:03 2021
0.000.

-Thu Sep 16 16:08:03 2021
PID: 5429 value:126443839488.000.
-Thu Sep 16 16:08:03 2021
2.642.

-Thu Sep 16 16:08:03 2021
PID: 5429 value:225178908245176090624.000.
-Thu Sep 16 16:08:03 2021
0.000.

-Thu Sep 16 16:08:03 2021
PID: 5429 value:0.000.
-Thu Sep 16 16:08:03 2021
0.000.

-Thu Sep 16 16:08:03 2021
PID: 5429 value:-34793706225664.000.
-Thu Sep 16 16:08:03 2021
-4.443.

-Thu Sep 16 16:08:04 2021
PID: 5429 value:225178908245176090624.000.
-Thu Sep 16 16:08:04 2021
0.000.

-Thu Sep 16 16:08:04 2021
PID: 5429 value:0.000.
-Thu Sep 16 16:08:04 2021
0.000.

-Thu Sep 16 16:08:04 2021
PID: 5429 value:-34793706225664.000.
-Thu Sep 16 16:08:04 2021
-4.443.

-Thu Sep 16 16:08:04 2021
PID: 5429 value:225178925837362135040.000.
-Thu Sep 16 16:08:04 2021
0.000.

-Thu Sep 16 16:08:04 2021
PID: 5429 value:0.000.
-Thu Sep 16 16:08:04 2021
0.000.

-Thu Sep 16 16:08:04 2021
PID: 5429 value:24632480497664.000.
-Thu Sep 16 16:08:04 2021
-13.396.

-Thu Sep 16 16:08:05 2021
PID: 5429 value:225178925837362135040.000.
-Thu Sep 16 16:08:05 2021
0.000.

-Thu Sep 16 16:08:05 2021
PID: 5429 value:0.000.
-Thu Sep 16 16:08:05 2021
0.000.

-Thu Sep 16 16:08:05 2021
PID: 5429 value:24632480497664.000.
-Thu Sep 16 16:08:05 2021
-13.396.

-Thu Sep 16 16:08:05 2021
PID: 5429 value:225178943429548179456.000.
-Thu Sep 16 16:08:05 2021
0.000.

-Thu Sep 16 16:08:05 2021
PID: 5429 value:0.000.
-Thu Sep 16 16:08:05 2021
0.000.

-Thu Sep 16 16:08:05 2021
PID: 5429 value:6314.458.
-Thu Sep 16 16:08:05 2021
-116.242.

-Thu Sep 16 16:08:06 2021
PID: 5429 value:225178943429548179456.000.
-Thu Sep 16 16:08:06 2021
0.000.

-Thu Sep 16 16:08:06 2021
PID: 5429 value:0.000.
-Thu Sep 16 16:08:06 2021
0.000.

-Thu Sep 16 16:08:06 2021
PID: 5429 value:6314.458.
-Thu Sep 16 16:08:06 2021
-116.242.

-Thu Sep 16 16:08:06 2021
PID: 5429 value:225178961021734223872.000.
-Thu Sep 16 16:08:06 2021
0.000.

-Thu Sep 16 16:08:06 2021
PID: 5429 value:0.000.
-Thu Sep 16 16:08:06 2021
0.000.

-Thu Sep 16 16:08:06 2021
PID: 5429 value:-0.000.
-Thu Sep 16 16:08:06 2021
-9050.220.

-Thu Sep 16 16:08:07 2021
PID: 5429 value:225178961021734223872.000.
-Thu Sep 16 16:08:07 2021
0.000.

-Thu Sep 16 16:08:07 2021
PID: 5429 value:0.000.
-Thu Sep 16 16:08:07 2021
0.000.

-Thu Sep 16 16:08:07 2021
PID: 5429 value:-0.000.
-Thu Sep 16 16:08:07 2021
-9050.220.

-Thu Sep 16 16:08:07 2021
PID: 5429 value:225178978613920268288.000.
-Thu Sep 16 16:08:07 2021
0.000.

-Thu Sep 16 16:08:07 2021
PID: 5429 value:0.000.
-Thu Sep 16 16:08:07 2021
0.000.

-Thu Sep 16 16:08:07 2021
PID: 5429 value:-4594486771450459979776.000.
-Thu Sep 16 16:08:07 2021
-55893768.000.

-Fri Sep 17 12:22:01 2021
PID: 7079 value:0.000.
-Fri Sep 17 12:22:01 2021
0.000.

-Fri Sep 17 12:22:01 2021
PID: 7079 value:0.000.
-Fri Sep 17 12:22:01 2021
0.000.

-Fri Sep 17 12:22:01 2021
PID: 7079 value:0.000.
-Fri Sep 17 12:22:01 2021
0.000.

-Fri Sep 17 12:22:01 2021
PID: 7079 value:226460287892279263232.000.
-Fri Sep 17 12:22:01 2021
0.000.

-Fri Sep 17 12:22:01 2021
PID: 7079 value:0.000.
-Fri Sep 17 12:22:01 2021
0.000.

-Fri Sep 17 12:22:01 2021
PID: 7079 value:0.000.
-Fri Sep 17 12:22:01 2021
-1.777.

-Fri Sep 17 12:22:02 2021
PID: 7079 value:226460287892279263232.000.
-Fri Sep 17 12:22:02 2021
0.000.

-Fri Sep 17 12:22:02 2021
PID: 7079 value:0.000.
-Fri Sep 17 12:22:02 2021
0.000.

-Fri Sep 17 12:22:02 2021
PID: 7079 value:0.000.
-Fri Sep 17 12:22:02 2021
-1.777.

-Fri Sep 17 12:22:02 2021
PID: 7079 value:226460305484465307648.000.
-Fri Sep 17 12:22:02 2021
0.000.

-Fri Sep 17 12:22:02 2021
PID: 7079 value:0.000.
-Fri Sep 17 12:22:02 2021
0.000.

-Fri Sep 17 12:22:02 2021
PID: 7079 value:8591555584.000.
-Fri Sep 17 12:22:02 2021
-1.774.

-Fri Sep 17 12:22:03 2021
PID: 7079 value:226460305484465307648.000.
-Fri Sep 17 12:22:03 2021
0.000.

-Fri Sep 17 12:22:03 2021
PID: 7079 value:0.000.
-Fri Sep 17 12:22:03 2021
0.000.

-Fri Sep 17 12:22:03 2021
PID: 7079 value:8591555584.000.
-Fri Sep 17 12:22:03 2021
-1.774.

-Fri Sep 17 12:22:03 2021
PID: 7079 value:226460323076651352064.000.
-Fri Sep 17 12:22:03 2021
0.000.

-Fri Sep 17 12:22:03 2021
PID: 7079 value:0.000.
-Fri Sep 17 12:22:03 2021
0.000.

-Fri Sep 17 12:22:03 2021
PID: 7079 value:-0.000.
-Fri Sep 17 12:22:03 2021
-1.770.

-Fri Sep 17 12:22:04 2021
PID: 7079 value:226460323076651352064.000.
-Fri Sep 17 12:22:04 2021
0.000.

-Fri Sep 17 12:22:04 2021
PID: 7079 value:0.000.
-Fri Sep 17 12:22:04 2021
0.000.

-Fri Sep 17 12:22:04 2021
PID: 7079 value:-0.000.
-Fri Sep 17 12:22:04 2021
-1.770.

-Fri Sep 17 12:22:04 2021
PID: 7079 value:226460340668837396480.000.
-Fri Sep 17 12:22:04 2021
0.000.

-Fri Sep 17 12:22:04 2021
PID: 7079 value:0.000.
-Fri Sep 17 12:22:04 2021
0.000.

-Fri Sep 17 12:22:04 2021
PID: 7079 value:93932892479157627256832.000.
-Fri Sep 17 12:22:04 2021
-1.768.

-Fri Sep 17 12:22:05 2021
PID: 7079 value:226460340668837396480.000.
-Fri Sep 17 12:22:05 2021
0.000.

-Fri Sep 17 12:22:05 2021
PID: 7079 value:0.000.
-Fri Sep 17 12:22:05 2021
0.000.

-Fri Sep 17 12:22:05 2021
PID: 7079 value:93932892479157627256832.000.
-Fri Sep 17 12:22:05 2021
-1.768.

-Fri Sep 17 12:22:05 2021
PID: 7079 value:226460358261023440896.000.
-Fri Sep 17 12:22:05 2021
0.000.

-Fri Sep 17 12:22:05 2021
PID: 7079 value:0.000.
-Fri Sep 17 12:22:05 2021
0.000.

-Fri Sep 17 12:22:05 2021
PID: 7079 value:-1939113906394495975424.000.
-Fri Sep 17 12:22:05 2021
-1.766.

-Fri Sep 17 12:22:06 2021
PID: 7079 value:226460358261023440896.000.
-Fri Sep 17 12:22:06 2021
0.000.

-Fri Sep 17 12:22:06 2021
PID: 7079 value:0.000.
-Fri Sep 17 12:22:06 2021
0.000.

-Fri Sep 17 12:22:06 2021
PID: 7079 value:-1939113906394495975424.000.
-Fri Sep 17 12:22:06 2021
-1.766.

-Fri Sep 17 12:22:06 2021
PID: 7079 value:226460375853209485312.000.
-Fri Sep 17 12:22:06 2021
0.000.

-Fri Sep 17 12:22:06 2021
PID: 7079 value:0.000.
-Fri Sep 17 12:22:06 2021
0.000.

-Fri Sep 17 12:22:06 2021
PID: 7079 value:1991063424.000.
-Fri Sep 17 12:22:06 2021
-1.765.

-Fri Sep 17 12:22:07 2021
PID: 7079 value:226460375853209485312.000.
-Fri Sep 17 12:22:07 2021
0.000.

-Fri Sep 17 12:22:07 2021
PID: 7079 value:0.000.
-Fri Sep 17 12:22:07 2021
0.000.

-Fri Sep 17 12:22:07 2021
PID: 7079 value:1991063424.000.
-Fri Sep 17 12:22:07 2021
-1.765.

-Fri Sep 17 12:22:07 2021
PID: 7079 value:226460393445395529728.000.
-Fri Sep 17 12:22:07 2021
0.000.

-Fri Sep 17 12:22:07 2021
PID: 7079 value:0.000.
-Fri Sep 17 12:22:07 2021
0.000.

-Fri Sep 17 12:22:07 2021
PID: 7079 value:-4605898064243885380468736.000.
-Fri Sep 17 12:22:07 2021
-1.763.

-Fri Sep 17 12:22:08 2021
PID: 7079 value:226460393445395529728.000.
-Fri Sep 17 12:22:08 2021
0.000.

-Fri Sep 17 12:22:08 2021
PID: 7079 value:0.000.
-Fri Sep 17 12:22:08 2021
0.000.

-Fri Sep 17 12:22:08 2021
PID: 7079 value:-4605898064243885380468736.000.
-Fri Sep 17 12:22:08 2021
-1.763.

-Fri Sep 17 12:22:08 2021
PID: 7079 value:226460411037581574144.000.
-Fri Sep 17 12:22:08 2021
0.000.

-Fri Sep 17 12:22:08 2021
PID: 7079 value:0.000.
-Fri Sep 17 12:22:08 2021
0.000.

-Fri Sep 17 12:22:08 2021
PID: 7079 value:0.001.
-Fri Sep 17 12:22:08 2021
-1.762.

-Fri Sep 17 12:22:09 2021
PID: 7079 value:226460411037581574144.000.
-Fri Sep 17 12:22:09 2021
0.000.

-Fri Sep 17 12:22:09 2021
PID: 7079 value:0.000.
-Fri Sep 17 12:22:09 2021
0.000.

-Fri Sep 17 12:22:09 2021
PID: 7079 value:0.001.
-Fri Sep 17 12:22:09 2021
-1.762.

-Fri Sep 17 12:22:09 2021
PID: 7079 value:226460428629767618560.000.
-Fri Sep 17 12:22:09 2021
0.000.

-Fri Sep 17 12:22:09 2021
PID: 7079 value:0.000.
-Fri Sep 17 12:22:09 2021
0.000.

-Fri Sep 17 12:22:09 2021
PID: 7079 value:-0.000.
-Fri Sep 17 12:22:09 2021
-1.760.

-Fri Sep 17 12:22:10 2021
PID: 7079 value:226460428629767618560.000.
-Fri Sep 17 12:22:10 2021
0.000.

-Fri Sep 17 12:22:10 2021
PID: 7079 value:0.000.
-Fri Sep 17 12:22:10 2021
0.000.

-Fri Sep 17 12:22:10 2021
PID: 7079 value:-0.000.
-Fri Sep 17 12:22:10 2021
-1.760.

-Fri Sep 17 12:22:10 2021
PID: 7079 value:226460446221953662976.000.
-Fri Sep 17 12:22:10 2021
0.000.

-Fri Sep 17 12:22:10 2021
PID: 7079 value:0.000.
-Fri Sep 17 12:22:10 2021
0.000.

-Fri Sep 17 12:22:10 2021
PID: 7079 value:0.000.
-Fri Sep 17 12:22:10 2021
-1.759.

-Fri Sep 17 12:22:11 2021
PID: 7079 value:226460446221953662976.000.
-Fri Sep 17 12:22:11 2021
0.000.

-Fri Sep 17 12:22:11 2021
PID: 7079 value:0.000.
-Fri Sep 17 12:22:11 2021
0.000.

-Fri Sep 17 12:22:11 2021
PID: 7079 value:0.000.
-Fri Sep 17 12:22:11 2021
-1.759.

-Fri Sep 17 12:22:11 2021
PID: 7079 value:226460463814139707392.000.
-Fri Sep 17 12:22:11 2021
0.000.

-Fri Sep 17 12:22:11 2021
PID: 7079 value:0.000.
-Fri Sep 17 12:22:11 2021
0.000.

-Fri Sep 17 12:22:11 2021
PID: 7079 value:165815.547.
-Fri Sep 17 12:22:11 2021
-1.757.

-Fri Sep 17 12:22:12 2021
PID: 7079 value:226460463814139707392.000.
-Fri Sep 17 12:22:12 2021
0.000.

-Fri Sep 17 12:22:12 2021
PID: 7079 value:0.000.
-Fri Sep 17 12:22:12 2021
0.000.

-Fri Sep 17 12:22:12 2021
PID: 7079 value:165815.547.
-Fri Sep 17 12:22:12 2021
-1.757.

-Fri Sep 17 12:22:12 2021
PID: 7079 value:226460481406325751808.000.
-Fri Sep 17 12:22:12 2021
0.000.

-Fri Sep 17 12:22:12 2021
PID: 7079 value:0.000.
-Fri Sep 17 12:22:12 2021
0.000.

-Fri Sep 17 12:22:12 2021
PID: 7079 value:-0.000.
-Fri Sep 17 12:22:12 2021
-1.755.

-Fri Sep 17 12:22:13 2021
PID: 7079 value:226460481406325751808.000.
-Fri Sep 17 12:22:13 2021
0.000.

-Fri Sep 17 12:22:13 2021
PID: 7079 value:0.000.
-Fri Sep 17 12:22:13 2021
0.000.

-Fri Sep 17 12:22:13 2021
PID: 7079 value:-0.000.
-Fri Sep 17 12:22:13 2021
-1.755.

-Fri Sep 17 12:22:13 2021
PID: 7079 value:226460498998511796224.000.
-Fri Sep 17 12:22:13 2021
0.000.

-Fri Sep 17 12:22:13 2021
PID: 7079 value:0.000.
-Fri Sep 17 12:22:13 2021
0.000.

-Fri Sep 17 12:22:13 2021
PID: 7079 value:-74170.117.
-Fri Sep 17 12:22:13 2021
-1.753.

-Fri Sep 17 12:22:14 2021
PID: 7079 value:226460498998511796224.000.
-Fri Sep 17 12:22:14 2021
0.000.

-Fri Sep 17 12:22:14 2021
PID: 7079 value:0.000.
-Fri Sep 17 12:22:14 2021
0.000.

-Fri Sep 17 12:22:14 2021
PID: 7079 value:-74170.117.
-Fri Sep 17 12:22:14 2021
-1.753.

-Fri Sep 17 12:22:14 2021
PID: 7079 value:226460516590697840640.000.
-Fri Sep 17 12:22:14 2021
0.000.

-Fri Sep 17 12:22:14 2021
PID: 7079 value:0.000.
-Fri Sep 17 12:22:14 2021
0.000.

-Fri Sep 17 12:22:14 2021
PID: 7079 value:0.000.
-Fri Sep 17 12:22:14 2021
-1.751.

-Fri Sep 17 12:22:15 2021
PID: 7079 value:226460516590697840640.000.
-Fri Sep 17 12:22:15 2021
0.000.

-Fri Sep 17 12:22:15 2021
PID: 7079 value:0.000.
-Fri Sep 17 12:22:15 2021
0.000.

-Fri Sep 17 12:22:15 2021
PID: 7079 value:0.000.
-Fri Sep 17 12:22:15 2021
-1.751.

-Fri Sep 17 12:22:15 2021
PID: 7079 value:226460534182883885056.000.
-Fri Sep 17 12:22:15 2021
0.000.

-Fri Sep 17 12:22:15 2021
PID: 7079 value:0.000.
-Fri Sep 17 12:22:15 2021
0.000.

-Fri Sep 17 12:22:15 2021
PID: 7079 value:-0.000.
-Fri Sep 17 12:22:15 2021
-1.750.

-Fri Sep 17 12:22:16 2021
PID: 7079 value:226460534182883885056.000.
-Fri Sep 17 12:22:16 2021
0.000.

-Fri Sep 17 12:22:16 2021
PID: 7079 value:0.000.
-Fri Sep 17 12:22:16 2021
0.000.

-Fri Sep 17 12:22:16 2021
PID: 7079 value:-0.000.
-Fri Sep 17 12:22:16 2021
-1.750.

-Fri Sep 17 12:22:16 2021
PID: 7079 value:226460551775069929472.000.
-Fri Sep 17 12:22:16 2021
0.000.

-Fri Sep 17 12:22:16 2021
PID: 7079 value:0.000.
-Fri Sep 17 12:22:16 2021
0.000.

-Fri Sep 17 12:22:16 2021
PID: 7079 value:0.000.
-Fri Sep 17 12:22:16 2021
-1.747.

-Fri Sep 17 12:22:17 2021
PID: 7079 value:226460551775069929472.000.
-Fri Sep 17 12:22:17 2021
0.000.

-Fri Sep 17 12:22:17 2021
PID: 7079 value:0.000.
-Fri Sep 17 12:22:17 2021
0.000.

-Fri Sep 17 12:22:17 2021
PID: 7079 value:0.000.
-Fri Sep 17 12:22:17 2021
-1.747.

-Fri Sep 17 12:22:17 2021
PID: 7079 value:226460569367255973888.000.
-Fri Sep 17 12:22:17 2021
0.000.

-Fri Sep 17 12:22:17 2021
PID: 7079 value:0.000.
-Fri Sep 17 12:22:17 2021
0.000.

-Fri Sep 17 12:22:17 2021
PID: 7079 value:2474916564692527690346007625728.000.
-Fri Sep 17 12:22:17 2021
-1.745.

-Fri Sep 17 12:22:18 2021
PID: 7079 value:226460569367255973888.000.
-Fri Sep 17 12:22:18 2021
0.000.

-Fri Sep 17 12:22:18 2021
PID: 7079 value:0.000.
-Fri Sep 17 12:22:18 2021
0.000.

-Fri Sep 17 12:22:18 2021
PID: 7079 value:2474916564692527690346007625728.000.
-Fri Sep 17 12:22:18 2021
-1.745.

-Fri Sep 17 12:22:18 2021
PID: 7079 value:226460586959442018304.000.
-Fri Sep 17 12:22:18 2021
0.000.

-Fri Sep 17 12:22:18 2021
PID: 7079 value:0.000.
-Fri Sep 17 12:22:18 2021
0.000.

-Fri Sep 17 12:22:18 2021
PID: 7079 value:-0.000.
-Fri Sep 17 12:22:18 2021
-1.742.

-Fri Sep 17 12:22:19 2021
PID: 7079 value:226460586959442018304.000.
-Fri Sep 17 12:22:19 2021
0.000.

-Fri Sep 17 12:22:19 2021
PID: 7079 value:0.000.
-Fri Sep 17 12:22:19 2021
0.000.

-Fri Sep 17 12:22:19 2021
PID: 7079 value:-0.000.
-Fri Sep 17 12:22:19 2021
-1.742.

-Fri Sep 17 12:22:19 2021
PID: 7079 value:226460604551628062720.000.
-Fri Sep 17 12:22:19 2021
0.000.

-Fri Sep 17 12:22:19 2021
PID: 7079 value:0.000.
-Fri Sep 17 12:22:19 2021
0.000.

-Fri Sep 17 12:22:19 2021
PID: 7079 value:0.000.
-Fri Sep 17 12:22:19 2021
-1.738.

-Fri Sep 17 12:22:58 2021
PID: 7189 value:0.000.
-Fri Sep 17 12:22:58 2021
0.000.

-Fri Sep 17 12:22:58 2021
PID: 7189 value:0.000.
-Fri Sep 17 12:22:58 2021
0.000.

-Fri Sep 17 12:22:58 2021
PID: 7189 value:0.000.
-Fri Sep 17 12:22:58 2021
0.000.

-Fri Sep 17 12:22:58 2021
PID: 7189 value:226461290646883794944.000.
-Fri Sep 17 12:22:58 2021
0.000.

-Fri Sep 17 12:22:58 2021
PID: 7189 value:0.000.
-Fri Sep 17 12:22:58 2021
0.000.

-Fri Sep 17 12:22:58 2021
PID: 7189 value:0.000.
-Fri Sep 17 12:22:58 2021
1.871.

-Fri Sep 17 12:22:59 2021
PID: 7189 value:226461290646883794944.000.
-Fri Sep 17 12:22:59 2021
0.000.

-Fri Sep 17 12:22:59 2021
PID: 7189 value:0.000.
-Fri Sep 17 12:22:59 2021
0.000.

-Fri Sep 17 12:22:59 2021
PID: 7189 value:0.000.
-Fri Sep 17 12:22:59 2021
1.871.

-Fri Sep 17 12:22:59 2021
PID: 7189 value:226461308239069839360.000.
-Fri Sep 17 12:22:59 2021
0.000.

-Fri Sep 17 12:22:59 2021
PID: 7189 value:0.000.
-Fri Sep 17 12:22:59 2021
0.000.

-Fri Sep 17 12:22:59 2021
PID: 7189 value:91551632.000.
-Fri Sep 17 12:22:59 2021
1.875.

-Fri Sep 17 12:23:00 2021
PID: 7189 value:226461308239069839360.000.
-Fri Sep 17 12:23:00 2021
0.000.

-Fri Sep 17 12:23:00 2021
PID: 7189 value:0.000.
-Fri Sep 17 12:23:00 2021
0.000.

-Fri Sep 17 12:23:00 2021
PID: 7189 value:91551632.000.
-Fri Sep 17 12:23:00 2021
1.875.

-Fri Sep 17 12:23:00 2021
PID: 7189 value:226461325831255883776.000.
-Fri Sep 17 12:23:00 2021
0.000.

-Fri Sep 17 12:23:00 2021
PID: 7189 value:0.000.
-Fri Sep 17 12:23:00 2021
0.000.

-Fri Sep 17 12:23:00 2021
PID: 7189 value:-70009584.000.
-Fri Sep 17 12:23:00 2021
1.870.

-Fri Sep 17 12:23:01 2021
PID: 7189 value:226461325831255883776.000.
-Fri Sep 17 12:23:01 2021
0.000.

-Fri Sep 17 12:23:01 2021
PID: 7189 value:0.000.
-Fri Sep 17 12:23:01 2021
0.000.

-Fri Sep 17 12:23:01 2021
PID: 7189 value:-70009584.000.
-Fri Sep 17 12:23:01 2021
1.870.

-Fri Sep 17 12:23:01 2021
PID: 7189 value:226461343423441928192.000.
-Fri Sep 17 12:23:01 2021
0.000.

-Fri Sep 17 12:23:01 2021
PID: 7189 value:0.000.
-Fri Sep 17 12:23:01 2021
0.000.

-Fri Sep 17 12:23:01 2021
PID: 7189 value:0.000.
-Fri Sep 17 12:23:01 2021
1.865.

-Fri Sep 17 12:23:02 2021
PID: 7189 value:226461343423441928192.000.
-Fri Sep 17 12:23:02 2021
0.000.

-Fri Sep 17 12:23:02 2021
PID: 7189 value:0.000.
-Fri Sep 17 12:23:02 2021
0.000.

-Fri Sep 17 12:23:02 2021
PID: 7189 value:0.000.
-Fri Sep 17 12:23:02 2021
1.865.

-Fri Sep 17 12:23:02 2021
PID: 7189 value:226461361015627972608.000.
-Fri Sep 17 12:23:02 2021
0.000.

-Fri Sep 17 12:23:02 2021
PID: 7189 value:0.000.
-Fri Sep 17 12:23:02 2021
0.000.

-Fri Sep 17 12:23:02 2021
PID: 7189 value:-0.000.
-Fri Sep 17 12:23:02 2021
1.862.

-Fri Sep 17 12:23:03 2021
PID: 7189 value:226461361015627972608.000.
-Fri Sep 17 12:23:03 2021
0.000.

-Fri Sep 17 12:23:03 2021
PID: 7189 value:0.000.
-Fri Sep 17 12:23:03 2021
0.000.

-Fri Sep 17 12:23:03 2021
PID: 7189 value:-0.000.
-Fri Sep 17 12:23:03 2021
1.862.

-Fri Sep 17 12:23:03 2021
PID: 7189 value:226461378607814017024.000.
-Fri Sep 17 12:23:03 2021
0.000.

-Fri Sep 17 12:23:03 2021
PID: 7189 value:0.000.
-Fri Sep 17 12:23:03 2021
0.000.

-Fri Sep 17 12:23:03 2021
PID: 7189 value:0.000.
-Fri Sep 17 12:23:03 2021
1.860.

-Fri Sep 17 12:23:04 2021
PID: 7189 value:226461378607814017024.000.
-Fri Sep 17 12:23:04 2021
0.000.

-Fri Sep 17 12:23:04 2021
PID: 7189 value:0.000.
-Fri Sep 17 12:23:04 2021
0.000.

-Fri Sep 17 12:23:04 2021
PID: 7189 value:0.000.
-Fri Sep 17 12:23:04 2021
1.860.

-Fri Sep 17 12:23:04 2021
PID: 7189 value:226461396200000061440.000.
-Fri Sep 17 12:23:04 2021
0.000.

-Fri Sep 17 12:23:04 2021
PID: 7189 value:0.000.
-Fri Sep 17 12:23:04 2021
0.000.

-Fri Sep 17 12:23:04 2021
PID: 7189 value:0.000.
-Fri Sep 17 12:23:04 2021
1.857.

