-/nCurrent Time: Mon Sep 20 16:06:06 2021
 FROM: G value:0.944.
-/nCurrent Time: Mon Sep 20 16:06:06 2021
 New token value: 0.752.

-/nCurrent Time: Mon Sep 20 16:06:07 2021
 FROM: G value:0.562.
-/nCurrent Time: Mon Sep 20 16:06:07 2021
 New token value: 0.580.

-/nCurrent Time: Mon Sep 20 16:06:08 2021
 FROM: G value:0.162.
-/nCurrent Time: Mon Sep 20 16:06:08 2021
 New token value: 0.172.

-/nCurrent Time: Mon Sep 20 16:06:09 2021
 FROM: G value:-0.868.
-/nCurrent Time: Mon Sep 20 16:06:09 2021
 New token value: -0.859.

-/nCurrent Time: Mon Sep 20 16:06:10 2021
 FROM: G value:0.375.
-/nCurrent Time: Mon Sep 20 16:06:10 2021
 New token value: 0.385.

-/nCurrent Time: Mon Sep 20 16:06:11 2021
 FROM: G value:-0.153.
-/nCurrent Time: Mon Sep 20 16:06:11 2021
 New token value: -0.142.

-/nCurrent Time: Mon Sep 20 16:06:12 2021
 FROM: G value:0.035.
-/nCurrent Time: Mon Sep 20 16:06:12 2021
 New token value: 0.050.

-/nCurrent Time: Mon Sep 20 16:06:13 2021
 FROM: G value:0.000.
-/nCurrent Time: Mon Sep 20 16:06:13 2021
 New token value: 0.014.


-Current Time: Mon Sep 20 16:06:14 2021
 FROM S action: DUMP LOG
-/nCurrent Time: Mon Sep 20 16:06:14 2021
 FROM: G value:0.752.
-/nCurrent Time: Mon Sep 20 16:06:14 2021
 New token value: 0.763.

-/nCurrent Time: Mon Sep 20 16:06:15 2021
 FROM: G value:0.580.
-/nCurrent Time: Mon Sep 20 16:06:15 2021
 New token value: 0.593.

-/nCurrent Time: Mon Sep 20 16:06:16 2021
 FROM: G value:0.172.
-/nCurrent Time: Mon Sep 20 16:06:16 2021
 New token value: 0.184.

-/nCurrent Time: Mon Sep 20 16:06:17 2021
 FROM: G value:-0.859.
-/nCurrent Time: Mon Sep 20 16:06:17 2021
 New token value: -0.846.

-/nCurrent Time: Mon Sep 20 16:07:59 2021
 FROM: G value:0.385.
-/nCurrent Time: Mon Sep 20 16:07:59 2021
 New token value: -0.367.

-/nCurrent Time: Mon Sep 20 16:08:00 2021
 FROM: G value:-0.142.
-/nCurrent Time: Mon Sep 20 16:08:00 2021
 New token value: -0.129.

-/nCurrent Time: Mon Sep 20 16:08:01 2021
 FROM: G value:0.050.
-/nCurrent Time: Mon Sep 20 16:08:01 2021
 New token value: 0.067.

-/nCurrent Time: Mon Sep 20 16:08:02 2021
 FROM: G value:0.014.
-/nCurrent Time: Mon Sep 20 16:08:02 2021
 New token value: 0.031.

-/nCurrent Time: Mon Sep 20 16:08:03 2021
 FROM: G value:0.763.
-/nCurrent Time: Mon Sep 20 16:08:03 2021
 New token value: 0.775.

-/nCurrent Time: Mon Sep 20 16:08:04 2021
 FROM: G value:0.593.
-/nCurrent Time: Mon Sep 20 16:08:04 2021
 New token value: 0.603.


-Current Time: Mon Sep 20 16:08:05 2021
 FROM S action: DUMP LOG
-/nCurrent Time: Mon Sep 20 16:08:05 2021
 FROM: G value:0.184.
-/nCurrent Time: Mon Sep 20 16:08:05 2021
 New token value: 0.203.

-/nCurrent Time: Mon Sep 20 16:08:06 2021
 FROM: G value:-0.846.
-/nCurrent Time: Mon Sep 20 16:08:06 2021
 New token value: -0.837.

-/nCurrent Time: Mon Sep 20 16:08:07 2021
 FROM: G value:0.000.
-/nCurrent Time: Mon Sep 20 16:08:07 2021
 New token value: 0.018.

-/nCurrent Time: Mon Sep 20 16:08:08 2021
 FROM: G value:-0.367.
-/nCurrent Time: Mon Sep 20 16:08:08 2021
 New token value: -0.351.

-/nCurrent Time: Mon Sep 20 16:08:09 2021
 FROM: G value:-0.129.
-/nCurrent Time: Mon Sep 20 16:08:09 2021
 New token value: -0.112.

-/nCurrent Time: Mon Sep 20 16:08:10 2021
 FROM: G value:0.067.
-/nCurrent Time: Mon Sep 20 16:08:10 2021
 New token value: 0.082.

-/nCurrent Time: Mon Sep 20 16:08:11 2021
 FROM: G value:0.031.
-/nCurrent Time: Mon Sep 20 16:08:11 2021
 New token value: 0.048.

-/nCurrent Time: Mon Sep 20 16:08:12 2021
 FROM: G value:0.775.
-/nCurrent Time: Mon Sep 20 16:08:12 2021
 New token value: 0.789.

-/nCurrent Time: Mon Sep 20 16:08:13 2021
 FROM: G value:0.603.
-/nCurrent Time: Mon Sep 20 16:08:13 2021
 New token value: 0.616.

-/nCurrent Time: Mon Sep 20 16:08:14 2021
 FROM: G value:0.203.
-/nCurrent Time: Mon Sep 20 16:08:14 2021
 New token value: 0.221.

-/nCurrent Time: Mon Sep 20 16:08:15 2021
 FROM: G value:-0.837.
-/nCurrent Time: Mon Sep 20 16:08:15 2021
 New token value: -0.823.

-/nCurrent Time: Mon Sep 20 16:08:16 2021
 FROM: G value:0.018.
-/nCurrent Time: Mon Sep 20 16:08:16 2021
 New token value: 0.029.

-/nCurrent Time: Mon Sep 20 16:08:17 2021
 FROM: G value:-0.351.
-/nCurrent Time: Mon Sep 20 16:08:17 2021
 New token value: -0.340.

-/nCurrent Time: Mon Sep 20 16:08:18 2021
 FROM: G value:-0.112.
-/nCurrent Time: Mon Sep 20 16:08:18 2021
 New token value: -0.093.

-/nCurrent Time: Mon Sep 20 16:08:19 2021
 FROM: G value:0.082.
-/nCurrent Time: Mon Sep 20 16:08:19 2021
 New token value: 0.098.

-/nCurrent Time: Mon Sep 20 16:08:20 2021
 FROM: G value:0.048.
-/nCurrent Time: Mon Sep 20 16:08:20 2021
 New token value: 0.059.

-/nCurrent Time: Mon Sep 20 16:08:21 2021
 FROM: G value:0.789.
-/nCurrent Time: Mon Sep 20 16:08:21 2021
 New token value: 0.801.

-/nCurrent Time: Mon Sep 20 16:08:22 2021
 FROM: G value:0.616.
-/nCurrent Time: Mon Sep 20 16:08:22 2021
 New token value: 0.625.

-/nCurrent Time: Mon Sep 20 16:08:23 2021
 FROM: G value:0.221.
-/nCurrent Time: Mon Sep 20 16:08:23 2021
 New token value: 0.239.

-/nCurrent Time: Mon Sep 20 16:08:24 2021
 FROM: G value:-0.823.
-/nCurrent Time: Mon Sep 20 16:08:24 2021
 New token value: -0.809.

-/nCurrent Time: Mon Sep 20 16:08:25 2021
 FROM: G value:0.029.
-/nCurrent Time: Mon Sep 20 16:08:25 2021
 New token value: 0.047.

-/nCurrent Time: Mon Sep 20 16:08:26 2021
 FROM: G value:-0.340.
-/nCurrent Time: Mon Sep 20 16:08:26 2021
 New token value: -0.323.

-/nCurrent Time: Mon Sep 20 16:08:27 2021
 FROM: G value:-0.093.
-/nCurrent Time: Mon Sep 20 16:08:27 2021
 New token value: -0.081.

-/nCurrent Time: Mon Sep 20 16:08:28 2021
 FROM: G value:0.098.
-/nCurrent Time: Mon Sep 20 16:08:28 2021
 New token value: 0.109.

-/nCurrent Time: Mon Sep 20 16:08:29 2021
 FROM: G value:0.059.
-/nCurrent Time: Mon Sep 20 16:08:29 2021
 New token value: 0.070.

-/nCurrent Time: Mon Sep 20 16:08:30 2021
 FROM: G value:0.801.
-/nCurrent Time: Mon Sep 20 16:08:30 2021
 New token value: 0.811.

-/nCurrent Time: Mon Sep 20 16:10:23 2021
 FROM: G value:0.625.
-/nCurrent Time: Mon Sep 20 16:10:23 2021
 New token value: 0.462.

-/nCurrent Time: Mon Sep 20 16:10:24 2021
 FROM: G value:0.239.
-/nCurrent Time: Mon Sep 20 16:10:24 2021
 New token value: 0.251.

-/nCurrent Time: Mon Sep 20 16:10:25 2021
 FROM: G value:-0.809.
-/nCurrent Time: Mon Sep 20 16:10:25 2021
 New token value: -0.794.

-/nCurrent Time: Mon Sep 20 16:10:26 2021
 FROM: G value:0.047.
-/nCurrent Time: Mon Sep 20 16:10:26 2021
 New token value: 0.062.

-/nCurrent Time: Mon Sep 20 16:10:27 2021
 FROM: G value:-0.323.
-/nCurrent Time: Mon Sep 20 16:10:27 2021
 New token value: -0.309.

-/nCurrent Time: Mon Sep 20 16:10:28 2021
 FROM: G value:-0.081.
-/nCurrent Time: Mon Sep 20 16:10:28 2021
 New token value: -0.065.

-/nCurrent Time: Mon Sep 20 16:10:29 2021
 FROM: G value:0.109.
-/nCurrent Time: Mon Sep 20 16:10:29 2021
 New token value: 0.128.


-Current Time: Mon Sep 20 16:10:30 2021
 FROM S action: DUMP LOG
-/nCurrent Time: Mon Sep 20 16:10:30 2021
 FROM: G value:0.070.
-/nCurrent Time: Mon Sep 20 16:10:30 2021
 New token value: 0.088.

-/nCurrent Time: Mon Sep 20 16:10:31 2021
 FROM: G value:0.811.
-/nCurrent Time: Mon Sep 20 16:10:31 2021
 New token value: 0.820.

-/nCurrent Time: Mon Sep 20 16:10:32 2021
 FROM: G value:0.000.
-/nCurrent Time: Mon Sep 20 16:10:32 2021
 New token value: 0.010.

-/nCurrent Time: Mon Sep 20 16:10:33 2021
 FROM: G value:0.462.
-/nCurrent Time: Mon Sep 20 16:10:33 2021
 New token value: 0.472.

-/nCurrent Time: Mon Sep 20 16:10:34 2021
 FROM: G value:0.251.
-/nCurrent Time: Mon Sep 20 16:10:34 2021
 New token value: 0.262.

-/nCurrent Time: Mon Sep 20 16:10:35 2021
 FROM: G value:-0.794.
-/nCurrent Time: Mon Sep 20 16:10:35 2021
 New token value: -0.785.

-/nCurrent Time: Mon Sep 20 16:10:36 2021
 FROM: G value:0.062.
-/nCurrent Time: Mon Sep 20 16:10:36 2021
 New token value: 0.073.

-/nCurrent Time: Mon Sep 20 16:10:37 2021
 FROM: G value:-0.309.
-/nCurrent Time: Mon Sep 20 16:10:37 2021
 New token value: -0.298.

-/nCurrent Time: Mon Sep 20 16:10:38 2021
 FROM: G value:-0.065.
-/nCurrent Time: Mon Sep 20 16:10:38 2021
 New token value: -0.050.

-/nCurrent Time: Mon Sep 20 16:16:08 2021
 FROM: G value:0.128.
-/nCurrent Time: Mon Sep 20 16:16:08 2021
 New token value: 0.955.

-/nCurrent Time: Mon Sep 20 16:16:09 2021
 FROM: G value:0.088.
-/nCurrent Time: Mon Sep 20 16:16:09 2021
 New token value: 0.109.

-/nCurrent Time: Mon Sep 20 16:16:10 2021
 FROM: G value:0.820.
-/nCurrent Time: Mon Sep 20 16:16:10 2021
 New token value: 0.835.

-/nCurrent Time: Mon Sep 20 16:16:11 2021
 FROM: G value:0.010.
-/nCurrent Time: Mon Sep 20 16:16:11 2021
 New token value: 0.028.

-/nCurrent Time: Mon Sep 20 16:16:12 2021
 FROM: G value:0.472.
-/nCurrent Time: Mon Sep 20 16:16:12 2021
 New token value: 0.486.

-/nCurrent Time: Mon Sep 20 16:16:13 2021
 FROM: G value:0.262.
-/nCurrent Time: Mon Sep 20 16:16:13 2021
 New token value: 0.279.

-/nCurrent Time: Mon Sep 20 16:16:14 2021
 FROM: G value:-0.785.
-/nCurrent Time: Mon Sep 20 16:16:14 2021
 New token value: -0.769.

-/nCurrent Time: Mon Sep 20 16:16:15 2021
 FROM: G value:0.073.
-/nCurrent Time: Mon Sep 20 16:16:15 2021
 New token value: 0.084.

-/nCurrent Time: Mon Sep 20 16:16:16 2021
 FROM: G value:-0.298.
-/nCurrent Time: Mon Sep 20 16:16:16 2021
 New token value: -0.288.

-/nCurrent Time: Mon Sep 20 16:16:17 2021
 FROM: G value:-0.050.
-/nCurrent Time: Mon Sep 20 16:16:17 2021
 New token value: -0.039.

-/nCurrent Time: Mon Sep 20 16:16:18 2021
 FROM: G value:0.000.
-/nCurrent Time: Mon Sep 20 16:16:18 2021
 New token value: 0.011.

-/nCurrent Time: Mon Sep 20 16:16:19 2021
 FROM: G value:0.955.
-/nCurrent Time: Mon Sep 20 16:16:19 2021
 New token value: 0.963.

-/nCurrent Time: Mon Sep 20 16:16:20 2021
 FROM: G value:0.109.
-/nCurrent Time: Mon Sep 20 16:16:20 2021
 New token value: 0.119.

-/nCurrent Time: Mon Sep 20 16:16:21 2021
 FROM: G value:0.835.
-/nCurrent Time: Mon Sep 20 16:16:21 2021
 New token value: 0.843.

-/nCurrent Time: Mon Sep 20 16:16:22 2021
 FROM: G value:0.028.
-/nCurrent Time: Mon Sep 20 16:16:22 2021
 New token value: 0.039.

-/nCurrent Time: Mon Sep 20 16:16:23 2021
 FROM: G value:0.486.
-/nCurrent Time: Mon Sep 20 16:16:23 2021
 New token value: 0.495.

-/nCurrent Time: Mon Sep 20 16:16:24 2021
 FROM: G value:0.279.
-/nCurrent Time: Mon Sep 20 16:16:24 2021
 New token value: 0.290.

-/nCurrent Time: Mon Sep 20 16:16:25 2021
 FROM: G value:-0.769.
-/nCurrent Time: Mon Sep 20 16:16:25 2021
 New token value: -0.760.

-/nCurrent Time: Mon Sep 20 16:16:26 2021
 FROM: G value:0.084.
-/nCurrent Time: Mon Sep 20 16:16:26 2021
 New token value: 0.100.

-/nCurrent Time: Mon Sep 20 16:16:27 2021
 FROM: G value:-0.288.
-/nCurrent Time: Mon Sep 20 16:16:27 2021
 New token value: -0.277.

-/nCurrent Time: Mon Sep 20 16:16:28 2021
 FROM: G value:-0.039.
-/nCurrent Time: Mon Sep 20 16:16:28 2021
 New token value: -0.020.

-/nCurrent Time: Mon Sep 20 16:16:29 2021
 FROM: G value:0.011.
-/nCurrent Time: Mon Sep 20 16:16:29 2021
 New token value: 0.026.


-Current Time: Mon Sep 20 16:16:30 2021
 FROM S action: DUMP LOG
-/nCurrent Time: Mon Sep 20 16:16:30 2021
 FROM: G value:0.963.
-/nCurrent Time: Mon Sep 20 16:16:30 2021
 New token value: 0.973.

-/nCurrent Time: Mon Sep 20 16:16:31 2021
 FROM: G value:0.119.
-/nCurrent Time: Mon Sep 20 16:16:31 2021
 New token value: 0.135.

-/nCurrent Time: Mon Sep 20 16:16:32 2021
 FROM: G value:0.843.
-/nCurrent Time: Mon Sep 20 16:16:32 2021
 New token value: 0.857.

-/nCurrent Time: Mon Sep 20 16:16:33 2021
 FROM: G value:0.039.
-/nCurrent Time: Mon Sep 20 16:16:33 2021
 New token value: 0.058.

-/nCurrent Time: Mon Sep 20 16:16:34 2021
 FROM: G value:0.495.
-/nCurrent Time: Mon Sep 20 16:16:34 2021
 New token value: 0.513.

-/nCurrent Time: Mon Sep 20 16:16:35 2021
 FROM: G value:0.290.
-/nCurrent Time: Mon Sep 20 16:16:35 2021
 New token value: 0.309.

-/nCurrent Time: Mon Sep 20 16:16:36 2021
 FROM: G value:-0.760.
-/nCurrent Time: Mon Sep 20 16:16:36 2021
 New token value: -0.745.

-/nCurrent Time: Mon Sep 20 16:16:37 2021
 FROM: G value:0.100.
-/nCurrent Time: Mon Sep 20 16:16:37 2021
 New token value: 0.120.

-/nCurrent Time: Mon Sep 20 16:16:38 2021
 FROM: G value:-0.277.
-/nCurrent Time: Mon Sep 20 16:16:38 2021
 New token value: -0.259.

-/nCurrent Time: Mon Sep 20 16:16:39 2021
 FROM: G value:-0.020.
-/nCurrent Time: Mon Sep 20 16:16:39 2021
 New token value: -0.002.

-/nCurrent Time: Mon Sep 20 16:16:40 2021
 FROM: G value:0.026.
-/nCurrent Time: Mon Sep 20 16:16:40 2021
 New token value: 0.041.

-/nCurrent Time: Mon Sep 20 16:16:41 2021
 FROM: G value:0.973.
-/nCurrent Time: Mon Sep 20 16:16:41 2021
 New token value: 0.986.

-/nCurrent Time: Mon Sep 20 16:16:42 2021
 FROM: G value:0.135.
-/nCurrent Time: Mon Sep 20 16:16:42 2021
 New token value: 0.153.

-/nCurrent Time: Mon Sep 20 16:16:43 2021
 FROM: G value:0.857.
-/nCurrent Time: Mon Sep 20 16:16:43 2021
 New token value: 0.871.

-/nCurrent Time: Mon Sep 20 16:16:44 2021
 FROM: G value:0.058.
-/nCurrent Time: Mon Sep 20 16:16:44 2021
 New token value: 0.076.

-/nCurrent Time: Mon Sep 20 16:16:45 2021
 FROM: G value:0.513.
-/nCurrent Time: Mon Sep 20 16:16:45 2021
 New token value: 0.531.

-/nCurrent Time: Mon Sep 20 16:16:46 2021
 FROM: G value:0.309.
-/nCurrent Time: Mon Sep 20 16:16:46 2021
 New token value: 0.329.

-/nCurrent Time: Mon Sep 20 16:16:47 2021
 FROM: G value:-0.745.
-/nCurrent Time: Mon Sep 20 16:16:47 2021
 New token value: -0.727.

-/nCurrent Time: Mon Sep 20 16:16:48 2021
 FROM: G value:0.120.
-/nCurrent Time: Mon Sep 20 16:16:48 2021
 New token value: 0.139.

-/nCurrent Time: Mon Sep 20 16:16:49 2021
 FROM: G value:-0.259.
-/nCurrent Time: Mon Sep 20 16:16:49 2021
 New token value: -0.241.

-/nCurrent Time: Mon Sep 20 16:16:50 2021
 FROM: G value:-0.002.
-/nCurrent Time: Mon Sep 20 16:16:50 2021
 New token value: 0.010.

-/nCurrent Time: Mon Sep 20 16:16:51 2021
 FROM: G value:0.041.
-/nCurrent Time: Mon Sep 20 16:16:51 2021
 New token value: 0.055.

-/nCurrent Time: Mon Sep 20 16:16:52 2021
 FROM: G value:0.986.
-/nCurrent Time: Mon Sep 20 16:16:52 2021
 New token value: 0.994.

-/nCurrent Time: Mon Sep 20 16:16:53 2021
 FROM: G value:0.153.
-/nCurrent Time: Mon Sep 20 16:16:53 2021
 New token value: 0.167.

-/nCurrent Time: Mon Sep 20 16:16:54 2021
 FROM: G value:0.871.
-/nCurrent Time: Mon Sep 20 16:16:54 2021
 New token value: 0.885.

-/nCurrent Time: Mon Sep 20 16:16:55 2021
 FROM: G value:0.076.
-/nCurrent Time: Mon Sep 20 16:16:55 2021
 New token value: 0.096.

-/nCurrent Time: Mon Sep 20 16:16:56 2021
 FROM: G value:0.531.
-/nCurrent Time: Mon Sep 20 16:16:56 2021
 New token value: 0.550.

-/nCurrent Time: Mon Sep 20 16:16:57 2021
 FROM: G value:0.329.
-/nCurrent Time: Mon Sep 20 16:16:57 2021
 New token value: 0.344.

-/nCurrent Time: Mon Sep 20 16:16:58 2021
 FROM: G value:-0.727.
-/nCurrent Time: Mon Sep 20 16:16:58 2021
 New token value: -0.710.

-/nCurrent Time: Mon Sep 20 16:16:59 2021
 FROM: G value:0.139.
-/nCurrent Time: Mon Sep 20 16:16:59 2021
 New token value: 0.155.

-/nCurrent Time: Mon Sep 20 16:17:00 2021
 FROM: G value:-0.241.
-/nCurrent Time: Mon Sep 20 16:17:00 2021
 New token value: -0.226.

-/nCurrent Time: Mon Sep 20 16:17:01 2021
 FROM: G value:0.010.
-/nCurrent Time: Mon Sep 20 16:17:01 2021
 New token value: 0.024.

-/nCurrent Time: Mon Sep 20 16:17:02 2021
 FROM: G value:0.055.
-/nCurrent Time: Mon Sep 20 16:17:02 2021
 New token value: 0.068.

-/nCurrent Time: Mon Sep 20 16:17:03 2021
 FROM: G value:0.994.
-/nCurrent Time: Mon Sep 20 16:17:03 2021
 New token value: 1.000.

-/nCurrent Time: Mon Sep 20 16:17:04 2021
 FROM: G value:0.167.
-/nCurrent Time: Mon Sep 20 16:17:04 2021
 New token value: 0.152.

-/nCurrent Time: Mon Sep 20 16:17:05 2021
 FROM: G value:0.885.
-/nCurrent Time: Mon Sep 20 16:17:05 2021
 New token value: 0.874.

-/nCurrent Time: Mon Sep 20 16:17:06 2021
 FROM: G value:0.096.
-/nCurrent Time: Mon Sep 20 16:17:06 2021
 New token value: 0.084.

-/nCurrent Time: Mon Sep 20 16:17:07 2021
 FROM: G value:0.550.
-/nCurrent Time: Mon Sep 20 16:17:07 2021
 New token value: 0.532.

-/nCurrent Time: Mon Sep 20 16:17:08 2021
 FROM: G value:0.344.
-/nCurrent Time: Mon Sep 20 16:17:08 2021
 New token value: 0.327.

-/nCurrent Time: Mon Sep 20 16:17:09 2021
 FROM: G value:-0.710.
-/nCurrent Time: Mon Sep 20 16:17:09 2021
 New token value: -0.723.

-/nCurrent Time: Mon Sep 20 16:17:10 2021
 FROM: G value:0.155.
-/nCurrent Time: Mon Sep 20 16:17:10 2021
 New token value: 0.137.

-/nCurrent Time: Mon Sep 20 16:17:11 2021
 FROM: G value:-0.226.
-/nCurrent Time: Mon Sep 20 16:17:11 2021
 New token value: -0.239.

-/nCurrent Time: Mon Sep 20 16:17:12 2021
 FROM: G value:0.024.
-/nCurrent Time: Mon Sep 20 16:17:12 2021
 New token value: 0.008.

-/nCurrent Time: Mon Sep 20 16:17:13 2021
 FROM: G value:0.068.
-/nCurrent Time: Mon Sep 20 16:17:13 2021
 New token value: 0.049.

-/nCurrent Time: Mon Sep 20 16:17:14 2021
 FROM: G value:1.000.
-/nCurrent Time: Mon Sep 20 16:17:14 2021
 New token value: 0.987.

-/nCurrent Time: Mon Sep 20 16:17:15 2021
 FROM: G value:0.152.
-/nCurrent Time: Mon Sep 20 16:17:15 2021
 New token value: 0.133.

-/nCurrent Time: Mon Sep 20 16:17:16 2021
 FROM: G value:0.874.
-/nCurrent Time: Mon Sep 20 16:17:16 2021
 New token value: 0.859.

-/nCurrent Time: Mon Sep 20 16:17:17 2021
 FROM: G value:0.084.
-/nCurrent Time: Mon Sep 20 16:17:17 2021
 New token value: 0.065.

-/nCurrent Time: Mon Sep 20 16:17:18 2021
 FROM: G value:0.532.
-/nCurrent Time: Mon Sep 20 16:17:18 2021
 New token value: 0.515.

-/nCurrent Time: Mon Sep 20 16:17:19 2021
 FROM: G value:0.327.
-/nCurrent Time: Mon Sep 20 16:17:19 2021
 New token value: 0.309.

-/nCurrent Time: Mon Sep 20 16:17:20 2021
 FROM: G value:-0.723.
-/nCurrent Time: Mon Sep 20 16:17:20 2021
 New token value: -0.740.

-/nCurrent Time: Mon Sep 20 16:17:21 2021
 FROM: G value:0.137.
-/nCurrent Time: Mon Sep 20 16:17:21 2021
 New token value: 0.118.

-/nCurrent Time: Mon Sep 20 16:17:22 2021
 FROM: G value:-0.239.
-/nCurrent Time: Mon Sep 20 16:17:22 2021
 New token value: -0.254.

-/nCurrent Time: Mon Sep 20 16:17:23 2021
 FROM: G value:0.008.
-/nCurrent Time: Mon Sep 20 16:17:23 2021
 New token value: -0.006.

-/nCurrent Time: Mon Sep 20 16:17:24 2021
 FROM: G value:0.049.
-/nCurrent Time: Mon Sep 20 16:17:24 2021
 New token value: 0.035.

-/nCurrent Time: Mon Sep 20 16:17:25 2021
 FROM: G value:0.987.
-/nCurrent Time: Mon Sep 20 16:17:25 2021
 New token value: 0.978.

-/nCurrent Time: Mon Sep 20 16:17:26 2021
 FROM: G value:0.133.
-/nCurrent Time: Mon Sep 20 16:17:26 2021
 New token value: 0.119.

-/nCurrent Time: Mon Sep 20 16:17:27 2021
 FROM: G value:0.859.
-/nCurrent Time: Mon Sep 20 16:17:27 2021
 New token value: 0.849.

-/nCurrent Time: Mon Sep 20 16:17:28 2021
 FROM: G value:0.065.
-/nCurrent Time: Mon Sep 20 16:17:28 2021
 New token value: 0.053.

-/nCurrent Time: Mon Sep 20 16:17:29 2021
 FROM: G value:0.515.
-/nCurrent Time: Mon Sep 20 16:17:29 2021
 New token value: 0.496.

-/nCurrent Time: Mon Sep 20 16:17:30 2021
 FROM: G value:0.309.
-/nCurrent Time: Mon Sep 20 16:17:30 2021
 New token value: 0.298.

-/nCurrent Time: Mon Sep 20 16:17:31 2021
 FROM: G value:-0.740.
-/nCurrent Time: Mon Sep 20 16:17:31 2021
 New token value: -0.750.

-/nCurrent Time: Mon Sep 20 16:17:32 2021
 FROM: G value:0.118.
-/nCurrent Time: Mon Sep 20 16:17:32 2021
 New token value: 0.104.

-/nCurrent Time: Mon Sep 20 16:17:33 2021
 FROM: G value:-0.254.
-/nCurrent Time: Mon Sep 20 16:17:33 2021
 New token value: -0.266.

-/nCurrent Time: Mon Sep 20 16:17:34 2021
 FROM: G value:-0.006.
-/nCurrent Time: Mon Sep 20 16:17:34 2021
 New token value: -0.020.

-/nCurrent Time: Mon Sep 20 16:17:35 2021
 FROM: G value:0.035.
-/nCurrent Time: Mon Sep 20 16:17:35 2021
 New token value: 0.018.

-/nCurrent Time: Mon Sep 20 16:17:36 2021
 FROM: G value:0.978.
-/nCurrent Time: Mon Sep 20 16:17:36 2021
 New token value: 0.968.

-/nCurrent Time: Mon Sep 20 16:17:37 2021
 FROM: G value:0.119.
-/nCurrent Time: Mon Sep 20 16:17:37 2021
 New token value: 0.105.

-/nCurrent Time: Mon Sep 20 16:17:38 2021
 FROM: G value:0.849.
-/nCurrent Time: Mon Sep 20 16:17:38 2021
 New token value: 0.840.

-/nCurrent Time: Mon Sep 20 16:17:39 2021
 FROM: G value:0.053.
-/nCurrent Time: Mon Sep 20 16:17:39 2021
 New token value: 0.040.

-/nCurrent Time: Mon Sep 20 16:17:40 2021
 FROM: G value:0.496.
-/nCurrent Time: Mon Sep 20 16:17:40 2021
 New token value: 0.479.

-/nCurrent Time: Mon Sep 20 16:17:41 2021
 FROM: G value:0.298.
-/nCurrent Time: Mon Sep 20 16:17:41 2021
 New token value: 0.286.

-/nCurrent Time: Mon Sep 20 16:17:42 2021
 FROM: G value:-0.750.
-/nCurrent Time: Mon Sep 20 16:17:42 2021
 New token value: -0.759.

-/nCurrent Time: Mon Sep 20 16:17:43 2021
 FROM: G value:0.104.
-/nCurrent Time: Mon Sep 20 16:17:43 2021
 New token value: 0.093.

-/nCurrent Time: Mon Sep 20 16:17:44 2021
 FROM: G value:-0.266.
-/nCurrent Time: Mon Sep 20 16:17:44 2021
 New token value: -0.277.

-/nCurrent Time: Mon Sep 20 16:17:45 2021
 FROM: G value:-0.020.
-/nCurrent Time: Mon Sep 20 16:17:45 2021
 New token value: -0.032.

-/nCurrent Time: Mon Sep 20 16:17:46 2021
 FROM: G value:0.018.
-/nCurrent Time: Mon Sep 20 16:17:46 2021
 New token value: 0.007.

-/nCurrent Time: Mon Sep 20 16:17:47 2021
 FROM: G value:0.968.
-/nCurrent Time: Mon Sep 20 16:17:47 2021
 New token value: 0.960.

-/nCurrent Time: Mon Sep 20 16:17:48 2021
 FROM: G value:0.105.
-/nCurrent Time: Mon Sep 20 16:17:48 2021
 New token value: 0.094.

-/nCurrent Time: Mon Sep 20 16:17:49 2021
 FROM: G value:0.840.
-/nCurrent Time: Mon Sep 20 16:17:49 2021
 New token value: 0.832.

-/nCurrent Time: Mon Sep 20 16:17:50 2021
 FROM: G value:0.040.
-/nCurrent Time: Mon Sep 20 16:17:50 2021
 New token value: 0.029.

-/nCurrent Time: Mon Sep 20 16:17:51 2021
 FROM: G value:0.479.
-/nCurrent Time: Mon Sep 20 16:17:51 2021
 New token value: 0.470.

-/nCurrent Time: Mon Sep 20 16:17:52 2021
 FROM: G value:0.286.
-/nCurrent Time: Mon Sep 20 16:17:52 2021
 New token value: 0.275.

-/nCurrent Time: Mon Sep 20 16:17:53 2021
 FROM: G value:-0.759.
-/nCurrent Time: Mon Sep 20 16:17:53 2021
 New token value: -0.768.

-/nCurrent Time: Mon Sep 20 16:17:54 2021
 FROM: G value:0.093.
-/nCurrent Time: Mon Sep 20 16:17:54 2021
 New token value: 0.082.

-/nCurrent Time: Mon Sep 20 16:17:55 2021
 FROM: G value:-0.277.
-/nCurrent Time: Mon Sep 20 16:17:55 2021
 New token value: -0.289.

-/nCurrent Time: Mon Sep 20 16:17:56 2021
 FROM: G value:-0.032.
-/nCurrent Time: Mon Sep 20 16:17:56 2021
 New token value: -0.046.

-/nCurrent Time: Mon Sep 20 16:17:57 2021
 FROM: G value:0.007.
-/nCurrent Time: Mon Sep 20 16:17:57 2021
 New token value: -0.005.

-/nCurrent Time: Mon Sep 20 16:17:58 2021
 FROM: G value:0.960.
-/nCurrent Time: Mon Sep 20 16:17:58 2021
 New token value: 0.952.

-/nCurrent Time: Mon Sep 20 16:17:59 2021
 FROM: G value:0.094.
-/nCurrent Time: Mon Sep 20 16:17:59 2021
 New token value: 0.084.

-/nCurrent Time: Mon Sep 20 16:18:00 2021
 FROM: G value:0.832.
-/nCurrent Time: Mon Sep 20 16:18:00 2021
 New token value: 0.823.

-/nCurrent Time: Mon Sep 20 16:18:01 2021
 FROM: G value:0.029.
-/nCurrent Time: Mon Sep 20 16:18:01 2021
 New token value: 0.017.

-/nCurrent Time: Mon Sep 20 16:18:02 2021
 FROM: G value:0.470.
-/nCurrent Time: Mon Sep 20 16:18:02 2021
 New token value: 0.459.

-/nCurrent Time: Mon Sep 20 16:18:03 2021
 FROM: G value:0.275.
-/nCurrent Time: Mon Sep 20 16:18:03 2021
 New token value: 0.264.

-/nCurrent Time: Mon Sep 20 16:18:04 2021
 FROM: G value:-0.768.
-/nCurrent Time: Mon Sep 20 16:18:04 2021
 New token value: -0.777.

-/nCurrent Time: Mon Sep 20 16:18:05 2021
 FROM: G value:0.082.
-/nCurrent Time: Mon Sep 20 16:18:05 2021
 New token value: 0.070.

-/nCurrent Time: Mon Sep 20 16:18:06 2021
 FROM: G value:-0.289.
-/nCurrent Time: Mon Sep 20 16:18:06 2021
 New token value: -0.300.

-/nCurrent Time: Mon Sep 20 16:18:20 2021
 FROM: G value:-0.046.
-/nCurrent Time: Mon Sep 20 16:18:20 2021
 New token value: -0.793.

-/nCurrent Time: Mon Sep 20 16:18:21 2021
 FROM: G value:-0.005.
-/nCurrent Time: Mon Sep 20 16:18:21 2021
 New token value: 0.012.

-/nCurrent Time: Mon Sep 20 16:18:22 2021
 FROM: G value:0.952.
-/nCurrent Time: Mon Sep 20 16:18:22 2021
 New token value: 0.965.

-/nCurrent Time: Mon Sep 20 16:18:23 2021
 FROM: G value:0.084.
-/nCurrent Time: Mon Sep 20 16:18:23 2021
 New token value: 0.101.

-/nCurrent Time: Mon Sep 20 16:18:24 2021
 FROM: G value:0.823.
-/nCurrent Time: Mon Sep 20 16:18:24 2021
 New token value: 0.838.

-/nCurrent Time: Mon Sep 20 16:18:25 2021
 FROM: G value:0.017.
-/nCurrent Time: Mon Sep 20 16:18:25 2021
 New token value: 0.034.

-/nCurrent Time: Mon Sep 20 16:18:26 2021
 FROM: G value:0.459.
-/nCurrent Time: Mon Sep 20 16:18:26 2021
 New token value: 0.478.


-Current Time: Mon Sep 20 16:18:27 2021
 FROM S action: DUMP LOG
-/nCurrent Time: Mon Sep 20 16:18:27 2021
 FROM: G value:0.264.
-/nCurrent Time: Mon Sep 20 16:18:27 2021
 New token value: 0.282.

-/nCurrent Time: Mon Sep 20 16:18:28 2021
 FROM: G value:-0.777.
-/nCurrent Time: Mon Sep 20 16:18:28 2021
 New token value: -0.761.

-/nCurrent Time: Mon Sep 20 16:18:29 2021
 FROM: G value:0.070.
-/nCurrent Time: Mon Sep 20 16:18:29 2021
 New token value: 0.088.

-/nCurrent Time: Mon Sep 20 16:18:30 2021
 FROM: G value:-0.300.
-/nCurrent Time: Mon Sep 20 16:18:30 2021
 New token value: -0.281.

-/nCurrent Time: Mon Sep 20 16:18:31 2021
 FROM: G value:0.000.
-/nCurrent Time: Mon Sep 20 16:18:31 2021
 New token value: 0.014.

-/nCurrent Time: Mon Sep 20 16:18:32 2021
 FROM: G value:-0.793.
-/nCurrent Time: Mon Sep 20 16:18:32 2021
 New token value: -0.784.

-/nCurrent Time: Mon Sep 20 16:18:33 2021
 FROM: G value:0.012.
-/nCurrent Time: Mon Sep 20 16:18:33 2021
 New token value: 0.026.

-/nCurrent Time: Mon Sep 20 16:18:34 2021
 FROM: G value:0.965.
-/nCurrent Time: Mon Sep 20 16:18:34 2021
 New token value: 0.978.

-/nCurrent Time: Mon Sep 20 16:19:38 2021
 FROM: G value:0.101.
-/nCurrent Time: Mon Sep 20 16:19:38 2021
 New token value: 0.632.

-/nCurrent Time: Mon Sep 20 16:19:39 2021
 FROM: G value:0.838.
-/nCurrent Time: Mon Sep 20 16:19:39 2021
 New token value: 0.855.

-/nCurrent Time: Mon Sep 20 16:19:40 2021
 FROM: G value:0.034.
-/nCurrent Time: Mon Sep 20 16:19:40 2021
 New token value: 0.047.

-/nCurrent Time: Mon Sep 20 16:19:41 2021
 FROM: G value:0.478.
-/nCurrent Time: Mon Sep 20 16:19:41 2021
 New token value: 0.496.

-/nCurrent Time: Mon Sep 20 16:19:42 2021
 FROM: G value:0.282.
-/nCurrent Time: Mon Sep 20 16:19:42 2021
 New token value: 0.300.

-/nCurrent Time: Mon Sep 20 16:19:43 2021
 FROM: G value:-0.761.
-/nCurrent Time: Mon Sep 20 16:19:43 2021
 New token value: -0.746.

-/nCurrent Time: Mon Sep 20 16:19:44 2021
 FROM: G value:0.088.
-/nCurrent Time: Mon Sep 20 16:19:44 2021
 New token value: 0.105.

-/nCurrent Time: Mon Sep 20 16:19:45 2021
 FROM: G value:-0.281.
-/nCurrent Time: Mon Sep 20 16:19:45 2021
 New token value: -0.270.

-/nCurrent Time: Mon Sep 20 16:19:46 2021
 FROM: G value:0.014.
-/nCurrent Time: Mon Sep 20 16:19:46 2021
 New token value: 0.028.

-/nCurrent Time: Mon Sep 20 16:19:47 2021
 FROM: G value:-0.784.
-/nCurrent Time: Mon Sep 20 16:19:47 2021
 New token value: -0.772.

-/nCurrent Time: Mon Sep 20 16:19:48 2021
 FROM: G value:0.026.
-/nCurrent Time: Mon Sep 20 16:19:48 2021
 New token value: 0.038.

-/nCurrent Time: Mon Sep 20 16:19:49 2021
 FROM: G value:0.978.
-/nCurrent Time: Mon Sep 20 16:19:49 2021
 New token value: 0.986.

-/nCurrent Time: Mon Sep 20 16:19:50 2021
 FROM: G value:0.000.
-/nCurrent Time: Mon Sep 20 16:19:50 2021
 New token value: 0.012.

-/nCurrent Time: Mon Sep 20 16:19:51 2021
 FROM: G value:0.632.
-/nCurrent Time: Mon Sep 20 16:19:51 2021
 New token value: 0.647.

-/nCurrent Time: Mon Sep 20 16:19:52 2021
 FROM: G value:0.855.
-/nCurrent Time: Mon Sep 20 16:19:52 2021
 New token value: 0.863.

-/nCurrent Time: Mon Sep 20 16:19:53 2021
 FROM: G value:0.047.
-/nCurrent Time: Mon Sep 20 16:19:53 2021
 New token value: 0.066.

-/nCurrent Time: Mon Sep 20 16:19:54 2021
 FROM: G value:0.496.
-/nCurrent Time: Mon Sep 20 16:19:54 2021
 New token value: 0.511.

-/nCurrent Time: Mon Sep 20 16:19:55 2021
 FROM: G value:0.300.
-/nCurrent Time: Mon Sep 20 16:19:55 2021
 New token value: 0.315.

-/nCurrent Time: Mon Sep 20 16:19:56 2021
 FROM: G value:-0.746.
-/nCurrent Time: Mon Sep 20 16:19:56 2021
 New token value: -0.734.

-/nCurrent Time: Mon Sep 20 16:19:57 2021
 FROM: G value:0.105.
-/nCurrent Time: Mon Sep 20 16:19:57 2021
 New token value: 0.116.

-/nCurrent Time: Mon Sep 20 16:19:58 2021
 FROM: G value:-0.270.
-/nCurrent Time: Mon Sep 20 16:19:58 2021
 New token value: -0.253.

-/nCurrent Time: Mon Sep 20 16:19:59 2021
 FROM: G value:0.028.
-/nCurrent Time: Mon Sep 20 16:19:59 2021
 New token value: 0.042.

-/nCurrent Time: Mon Sep 20 16:20:00 2021
 FROM: G value:-0.772.
-/nCurrent Time: Mon Sep 20 16:20:00 2021
 New token value: -0.757.

-/nCurrent Time: Mon Sep 20 16:20:01 2021
 FROM: G value:0.038.
-/nCurrent Time: Mon Sep 20 16:20:01 2021
 New token value: 0.053.

-/nCurrent Time: Mon Sep 20 16:20:02 2021
 FROM: G value:0.986.
-/nCurrent Time: Mon Sep 20 16:20:02 2021
 New token value: 0.995.

-/nCurrent Time: Mon Sep 20 16:20:03 2021
 FROM: G value:0.012.
-/nCurrent Time: Mon Sep 20 16:20:03 2021
 New token value: 0.028.

-/nCurrent Time: Mon Sep 20 16:20:04 2021
 FROM: G value:0.647.
-/nCurrent Time: Mon Sep 20 16:20:04 2021
 New token value: 0.658.

-/nCurrent Time: Mon Sep 20 16:20:05 2021
 FROM: G value:0.863.
-/nCurrent Time: Mon Sep 20 16:20:05 2021
 New token value: 0.876.

-/nCurrent Time: Mon Sep 20 16:20:06 2021
 FROM: G value:0.066.
-/nCurrent Time: Mon Sep 20 16:20:06 2021
 New token value: 0.085.

-/nCurrent Time: Mon Sep 20 16:20:07 2021
 FROM: G value:0.511.
-/nCurrent Time: Mon Sep 20 16:20:07 2021
 New token value: 0.528.

-/nCurrent Time: Mon Sep 20 16:20:08 2021
 FROM: G value:0.315.
-/nCurrent Time: Mon Sep 20 16:20:08 2021
 New token value: 0.331.

-/nCurrent Time: Mon Sep 20 16:20:09 2021
 FROM: G value:-0.734.
-/nCurrent Time: Mon Sep 20 16:20:09 2021
 New token value: -0.717.

-/nCurrent Time: Mon Sep 20 16:20:10 2021
 FROM: G value:0.116.
-/nCurrent Time: Mon Sep 20 16:20:10 2021
 New token value: 0.130.

-/nCurrent Time: Mon Sep 20 16:20:11 2021
 FROM: G value:-0.253.
-/nCurrent Time: Mon Sep 20 16:20:11 2021
 New token value: -0.240.

-/nCurrent Time: Mon Sep 20 16:20:12 2021
 FROM: G value:0.042.
-/nCurrent Time: Mon Sep 20 16:20:12 2021
 New token value: 0.055.

-/nCurrent Time: Mon Sep 20 16:20:13 2021
 FROM: G value:-0.757.
-/nCurrent Time: Mon Sep 20 16:20:13 2021
 New token value: -0.744.

-/nCurrent Time: Mon Sep 20 16:20:14 2021
 FROM: G value:0.053.
-/nCurrent Time: Mon Sep 20 16:20:14 2021
 New token value: 0.069.

-/nCurrent Time: Mon Sep 20 16:20:15 2021
 FROM: G value:0.995.
-/nCurrent Time: Mon Sep 20 16:20:15 2021
 New token value: 1.000.

-/nCurrent Time: Mon Sep 20 16:20:16 2021
 FROM: G value:0.028.
-/nCurrent Time: Mon Sep 20 16:20:16 2021
 New token value: 0.008.

-/nCurrent Time: Mon Sep 20 16:20:17 2021
 FROM: G value:0.658.
-/nCurrent Time: Mon Sep 20 16:20:17 2021
 New token value: 0.642.

-/nCurrent Time: Mon Sep 20 16:20:18 2021
 FROM: G value:0.876.
-/nCurrent Time: Mon Sep 20 16:20:18 2021
 New token value: 0.863.

-/nCurrent Time: Mon Sep 20 16:20:19 2021
 FROM: G value:0.085.
-/nCurrent Time: Mon Sep 20 16:20:19 2021
 New token value: 0.069.

-/nCurrent Time: Mon Sep 20 16:20:32 2021
 FROM: G value:0.528.
-/nCurrent Time: Mon Sep 20 16:20:32 2021
 New token value: 0.913.

-/nCurrent Time: Mon Sep 20 16:20:33 2021
 FROM: G value:0.331.
-/nCurrent Time: Mon Sep 20 16:20:33 2021
 New token value: 0.343.

-/nCurrent Time: Mon Sep 20 16:20:34 2021
 FROM: G value:-0.717.
-/nCurrent Time: Mon Sep 20 16:20:34 2021
 New token value: -0.706.

-/nCurrent Time: Mon Sep 20 16:20:35 2021
 FROM: G value:0.130.
-/nCurrent Time: Mon Sep 20 16:20:35 2021
 New token value: 0.145.

-/nCurrent Time: Mon Sep 20 16:20:36 2021
 FROM: G value:-0.240.
-/nCurrent Time: Mon Sep 20 16:20:36 2021
 New token value: -0.228.

-/nCurrent Time: Mon Sep 20 16:20:37 2021
 FROM: G value:0.055.
-/nCurrent Time: Mon Sep 20 16:20:37 2021
 New token value: 0.072.

-/nCurrent Time: Mon Sep 20 16:20:38 2021
 FROM: G value:-0.744.
-/nCurrent Time: Mon Sep 20 16:20:38 2021
 New token value: -0.736.

-/nCurrent Time: Mon Sep 20 16:20:39 2021
 FROM: G value:0.069.
-/nCurrent Time: Mon Sep 20 16:20:39 2021
 New token value: 0.082.

-/nCurrent Time: Mon Sep 20 16:20:40 2021
 FROM: G value:1.000.
-/nCurrent Time: Mon Sep 20 16:20:40 2021
 New token value: 1.000.

-/nCurrent Time: Mon Sep 20 16:20:41 2021
 FROM: G value:0.008.
-/nCurrent Time: Mon Sep 20 16:20:41 2021
 New token value: -0.003.

-/nCurrent Time: Mon Sep 20 16:21:22 2021
 FROM: G value:0.000.
-/nCurrent Time: Mon Sep 20 16:21:22 2021
 New token value: 0.102.

-/nCurrent Time: Mon Sep 20 16:21:23 2021
 FROM: G value:0.102.
-/nCurrent Time: Mon Sep 20 16:21:23 2021
 New token value: 0.127.

-/nCurrent Time: Mon Sep 20 16:21:24 2021
 FROM: G value:0.127.
-/nCurrent Time: Mon Sep 20 16:21:24 2021
 New token value: 0.163.

-/nCurrent Time: Mon Sep 20 16:21:25 2021
 FROM: G value:0.163.
-/nCurrent Time: Mon Sep 20 16:21:25 2021
 New token value: 0.195.

-/nCurrent Time: Mon Sep 20 16:21:26 2021
 FROM: G value:0.195.
-/nCurrent Time: Mon Sep 20 16:21:26 2021
 New token value: 0.210.

-/nCurrent Time: Mon Sep 20 16:21:27 2021
 FROM: G value:0.210.
-/nCurrent Time: Mon Sep 20 16:21:27 2021
 New token value: 0.224.

-/nCurrent Time: Mon Sep 20 16:21:28 2021
 FROM: G value:0.224.
-/nCurrent Time: Mon Sep 20 16:21:28 2021
 New token value: 0.242.


-Current Time: Mon Sep 20 16:21:29 2021
 FROM S action: DUMP LOG
-/nCurrent Time: Mon Sep 20 16:21:29 2021
 FROM: G value:0.242.
-/nCurrent Time: Mon Sep 20 16:21:29 2021
 New token value: 0.259.

-/nCurrent Time: Mon Sep 20 16:21:30 2021
 FROM: G value:0.259.
-/nCurrent Time: Mon Sep 20 16:21:30 2021
 New token value: 0.272.

-/nCurrent Time: Mon Sep 20 16:21:31 2021
 FROM: G value:0.272.
-/nCurrent Time: Mon Sep 20 16:21:31 2021
 New token value: 0.288.

-/nCurrent Time: Mon Sep 20 16:21:32 2021
 FROM: G value:0.288.
-/nCurrent Time: Mon Sep 20 16:21:32 2021
 New token value: 0.307.

-/nCurrent Time: Mon Sep 20 16:21:33 2021
 FROM: G value:0.307.
-/nCurrent Time: Mon Sep 20 16:21:33 2021
 New token value: 0.318.

-/nCurrent Time: Mon Sep 20 16:21:34 2021
 FROM: G value:0.318.
-/nCurrent Time: Mon Sep 20 16:21:34 2021
 New token value: 0.329.

-/nCurrent Time: Mon Sep 20 16:21:35 2021
 FROM: G value:0.329.
-/nCurrent Time: Mon Sep 20 16:21:35 2021
 New token value: 0.341.

-/nCurrent Time: Mon Sep 20 16:21:36 2021
 FROM: G value:0.341.
-/nCurrent Time: Mon Sep 20 16:21:36 2021
 New token value: 0.351.

-/nCurrent Time: Mon Sep 20 16:52:26 2021
 FROM: G value:0.000.
-/nCurrent Time: Mon Sep 20 16:52:26 2021
 New token value: -0.019.

-/nCurrent Time: Mon Sep 20 16:52:27 2021
 FROM: G value:-0.019.
-/nCurrent Time: Mon Sep 20 16:52:27 2021
 New token value: -0.007.

-/nCurrent Time: Mon Sep 20 16:52:28 2021
 FROM: G value:-0.007.
-/nCurrent Time: Mon Sep 20 16:52:28 2021
 New token value: 0.016.

-/nCurrent Time: Mon Sep 20 16:52:29 2021
 FROM: G value:0.016.
-/nCurrent Time: Mon Sep 20 16:52:29 2021
 New token value: 0.041.

-/nCurrent Time: Mon Sep 20 16:52:30 2021
 FROM: G value:0.041.
-/nCurrent Time: Mon Sep 20 16:52:30 2021
 New token value: 0.075.

-/nCurrent Time: Mon Sep 20 16:52:31 2021
 FROM: G value:0.075.
-/nCurrent Time: Mon Sep 20 16:52:31 2021
 New token value: 0.092.

-/nCurrent Time: Mon Sep 20 16:52:32 2021
 FROM: G value:0.092.
-/nCurrent Time: Mon Sep 20 16:52:32 2021
 New token value: 0.109.

-/nCurrent Time: Mon Sep 20 16:52:33 2021
 FROM: G value:0.109.
-/nCurrent Time: Mon Sep 20 16:52:33 2021
 New token value: 0.127.

-/nCurrent Time: Mon Sep 20 16:52:34 2021
 FROM: G value:0.127.
-/nCurrent Time: Mon Sep 20 16:52:34 2021
 New token value: 0.145.

-/nCurrent Time: Mon Sep 20 16:52:35 2021
 FROM: G value:0.145.
-/nCurrent Time: Mon Sep 20 16:52:35 2021
 New token value: 0.163.

-/nCurrent Time: Mon Sep 20 16:52:36 2021
 FROM: G value:0.163.
-/nCurrent Time: Mon Sep 20 16:52:36 2021
 New token value: 0.181.

-/nCurrent Time: Mon Sep 20 16:52:37 2021
 FROM: G value:0.181.
-/nCurrent Time: Mon Sep 20 16:52:37 2021
 New token value: 0.200.

-/nCurrent Time: Mon Sep 20 16:52:38 2021
 FROM: G value:0.200.
-/nCurrent Time: Mon Sep 20 16:52:38 2021
 New token value: 0.211.


-Current Time: Mon Sep 20 16:52:43 2021
 FROM S action: STOP

-Current Time: Mon Sep 20 16:52:43 2021
 FROM S action: START
-/nCurrent Time: Mon Sep 20 16:52:43 2021
 FROM: G value:0.211.
-/nCurrent Time: Mon Sep 20 16:52:43 2021
 New token value: 0.030.

-/nCurrent Time: Mon Sep 20 16:52:44 2021
 FROM: G value:0.030.
-/nCurrent Time: Mon Sep 20 16:52:44 2021
 New token value: 0.043.

-/nCurrent Time: Mon Sep 20 16:52:45 2021
 FROM: G value:0.043.
-/nCurrent Time: Mon Sep 20 16:52:45 2021
 New token value: 0.055.

-/nCurrent Time: Mon Sep 20 16:52:46 2021
 FROM: G value:0.055.
-/nCurrent Time: Mon Sep 20 16:52:46 2021
 New token value: 0.071.

-/nCurrent Time: Mon Sep 20 16:52:47 2021
 FROM: G value:0.071.
-/nCurrent Time: Mon Sep 20 16:52:47 2021
 New token value: 0.083.


-Current Time: Mon Sep 20 16:52:48 2021
 FROM S action: DUMP LOG
-/nCurrent Time: Mon Sep 20 16:52:48 2021
 FROM: G value:0.083.
-/nCurrent Time: Mon Sep 20 16:52:48 2021
 New token value: 0.099.

-/nCurrent Time: Mon Sep 20 16:52:49 2021
 FROM: G value:0.099.
-/nCurrent Time: Mon Sep 20 16:52:49 2021
 New token value: 0.114.

-/nCurrent Time: Mon Sep 20 16:52:50 2021
 FROM: G value:0.114.
-/nCurrent Time: Mon Sep 20 16:52:50 2021
 New token value: 0.133.

-/nCurrent Time: Mon Sep 20 16:52:51 2021
 FROM: G value:0.133.
-/nCurrent Time: Mon Sep 20 16:52:51 2021
 New token value: 0.144.

-/nCurrent Time: Mon Sep 20 16:52:52 2021
 FROM: G value:0.144.
-/nCurrent Time: Mon Sep 20 16:52:52 2021
 New token value: 0.155.

-/nCurrent Time: Mon Sep 20 16:52:53 2021
 FROM: G value:0.155.
-/nCurrent Time: Mon Sep 20 16:52:53 2021
 New token value: 0.173.

-/nCurrent Time: Mon Sep 20 16:52:54 2021
 FROM: G value:0.173.
-/nCurrent Time: Mon Sep 20 16:52:54 2021
 New token value: 0.192.

-/nCurrent Time: Mon Sep 20 16:52:55 2021
 FROM: G value:0.192.
-/nCurrent Time: Mon Sep 20 16:52:55 2021
 New token value: 0.208.

-/nCurrent Time: Mon Sep 20 16:52:56 2021
 FROM: G value:0.208.
-/nCurrent Time: Mon Sep 20 16:52:56 2021
 New token value: 0.219.

-/nCurrent Time: Mon Sep 20 16:58:04 2021
 FROM: G value:0.000.
-/nCurrent Time: Mon Sep 20 16:58:04 2021
 New token value: 0.840.

-/nCurrent Time: Mon Sep 20 16:58:05 2021
 FROM: G value:0.840.
-/nCurrent Time: Mon Sep 20 16:58:05 2021
 New token value: 0.859.

-/nCurrent Time: Mon Sep 20 16:58:06 2021
 FROM: G value:0.859.
-/nCurrent Time: Mon Sep 20 16:58:06 2021
 New token value: 0.888.

-/nCurrent Time: Mon Sep 20 16:58:07 2021
 FROM: G value:0.888.
-/nCurrent Time: Mon Sep 20 16:58:07 2021
 New token value: 0.913.

-/nCurrent Time: Mon Sep 20 16:58:08 2021
 FROM: G value:0.913.
-/nCurrent Time: Mon Sep 20 16:58:08 2021
 New token value: 0.928.

-/nCurrent Time: Mon Sep 20 16:58:09 2021
 FROM: G value:0.928.
-/nCurrent Time: Mon Sep 20 16:58:09 2021
 New token value: 0.942.

-/nCurrent Time: Mon Sep 20 16:58:10 2021
 FROM: G value:0.942.
-/nCurrent Time: Mon Sep 20 16:58:10 2021
 New token value: 0.957.

-/nCurrent Time: Mon Sep 20 16:58:11 2021
 FROM: G value:0.957.
-/nCurrent Time: Mon Sep 20 16:58:11 2021
 New token value: 0.969.

-/nCurrent Time: Mon Sep 20 16:58:12 2021
 FROM: G value:0.969.
-/nCurrent Time: Mon Sep 20 16:58:12 2021
 New token value: 0.980.

-/nCurrent Time: Mon Sep 20 16:58:13 2021
 FROM: G value:0.980.
-/nCurrent Time: Mon Sep 20 16:58:13 2021
 New token value: 0.987.

-/nCurrent Time: Mon Sep 20 16:58:14 2021
 FROM: G value:0.987.
-/nCurrent Time: Mon Sep 20 16:58:14 2021
 New token value: 0.995.

-/nCurrent Time: Mon Sep 20 16:58:15 2021
 FROM: G value:0.995.
-/nCurrent Time: Mon Sep 20 16:58:15 2021
 New token value: 1.000.

-/nCurrent Time: Mon Sep 20 16:58:16 2021
 FROM: G value:1.000.
-/nCurrent Time: Mon Sep 20 16:58:16 2021
 New token value: 0.990.

-/nCurrent Time: Mon Sep 20 16:58:17 2021
 FROM: G value:0.990.
-/nCurrent Time: Mon Sep 20 16:58:17 2021
 New token value: 0.982.

-/nCurrent Time: Mon Sep 20 16:58:18 2021
 FROM: G value:0.982.
-/nCurrent Time: Mon Sep 20 16:58:18 2021
 New token value: 0.969.

-/nCurrent Time: Mon Sep 20 16:58:19 2021
 FROM: G value:0.969.
-/nCurrent Time: Mon Sep 20 16:58:19 2021
 New token value: 0.961.

-/nCurrent Time: Mon Sep 20 16:58:20 2021
 FROM: G value:0.961.
-/nCurrent Time: Mon Sep 20 16:58:20 2021
 New token value: 0.948.

-/nCurrent Time: Mon Sep 20 16:58:21 2021
 FROM: G value:0.948.
-/nCurrent Time: Mon Sep 20 16:58:21 2021
 New token value: 0.940.

-/nCurrent Time: Mon Sep 20 16:58:22 2021
 FROM: G value:0.940.
-/nCurrent Time: Mon Sep 20 16:58:22 2021
 New token value: 0.926.

-/nCurrent Time: Mon Sep 20 16:58:23 2021
 FROM: G value:0.926.
-/nCurrent Time: Mon Sep 20 16:58:23 2021
 New token value: 0.916.

-/nCurrent Time: Mon Sep 20 16:58:24 2021
 FROM: G value:0.916.
-/nCurrent Time: Mon Sep 20 16:58:24 2021
 New token value: 0.906.

-/nCurrent Time: Mon Sep 20 16:58:25 2021
 FROM: G value:0.906.
-/nCurrent Time: Mon Sep 20 16:58:25 2021
 New token value: 0.897.

-/nCurrent Time: Mon Sep 20 16:58:26 2021
 FROM: G value:0.897.
-/nCurrent Time: Mon Sep 20 16:58:26 2021
 New token value: 0.882.

-/nCurrent Time: Mon Sep 20 16:58:27 2021
 FROM: G value:0.882.
-/nCurrent Time: Mon Sep 20 16:58:27 2021
 New token value: 0.872.

-/nCurrent Time: Mon Sep 20 16:58:28 2021
 FROM: G value:0.872.
-/nCurrent Time: Mon Sep 20 16:58:28 2021
 New token value: 0.857.

-/nCurrent Time: Mon Sep 20 16:58:29 2021
 FROM: G value:0.857.
-/nCurrent Time: Mon Sep 20 16:58:29 2021
 New token value: 0.848.

-/nCurrent Time: Mon Sep 20 16:58:30 2021
 FROM: G value:0.848.
-/nCurrent Time: Mon Sep 20 16:58:30 2021
 New token value: 0.832.

-/nCurrent Time: Mon Sep 20 16:58:31 2021
 FROM: G value:0.832.
-/nCurrent Time: Mon Sep 20 16:58:31 2021
 New token value: 0.822.

-/nCurrent Time: Mon Sep 20 16:58:32 2021
 FROM: G value:0.822.
-/nCurrent Time: Mon Sep 20 16:58:32 2021
 New token value: 0.808.

-/nCurrent Time: Mon Sep 20 16:58:33 2021
 FROM: G value:0.808.
-/nCurrent Time: Mon Sep 20 16:58:33 2021
 New token value: 0.799.

-/nCurrent Time: Mon Sep 20 16:58:34 2021
 FROM: G value:0.799.
-/nCurrent Time: Mon Sep 20 16:58:34 2021
 New token value: 0.783.

-/nCurrent Time: Mon Sep 20 16:58:35 2021
 FROM: G value:0.783.
-/nCurrent Time: Mon Sep 20 16:58:35 2021
 New token value: 0.774.

-/nCurrent Time: Mon Sep 20 16:58:36 2021
 FROM: G value:0.774.
-/nCurrent Time: Mon Sep 20 16:58:36 2021
 New token value: 0.764.

-/nCurrent Time: Mon Sep 20 16:58:37 2021
 FROM: G value:0.764.
-/nCurrent Time: Mon Sep 20 16:58:37 2021
 New token value: 0.748.

-/nCurrent Time: Mon Sep 20 16:58:38 2021
 FROM: G value:0.748.
-/nCurrent Time: Mon Sep 20 16:58:38 2021
 New token value: 0.733.

-/nCurrent Time: Mon Sep 20 16:58:39 2021
 FROM: G value:0.733.
-/nCurrent Time: Mon Sep 20 16:58:39 2021
 New token value: 0.719.

-/nCurrent Time: Mon Sep 20 16:58:40 2021
 FROM: G value:0.719.
-/nCurrent Time: Mon Sep 20 16:58:40 2021
 New token value: 0.705.

-/nCurrent Time: Mon Sep 20 16:58:41 2021
 FROM: G value:0.705.
-/nCurrent Time: Mon Sep 20 16:58:41 2021
 New token value: 0.695.

-/nCurrent Time: Mon Sep 20 16:58:42 2021
 FROM: G value:0.695.
-/nCurrent Time: Mon Sep 20 16:58:42 2021
 New token value: 0.683.

-/nCurrent Time: Mon Sep 20 16:58:43 2021
 FROM: G value:0.683.
-/nCurrent Time: Mon Sep 20 16:58:43 2021
 New token value: 0.674.

-/nCurrent Time: Mon Sep 20 16:58:44 2021
 FROM: G value:0.674.
-/nCurrent Time: Mon Sep 20 16:58:44 2021
 New token value: 0.661.

-/nCurrent Time: Mon Sep 20 16:58:45 2021
 FROM: G value:0.661.
-/nCurrent Time: Mon Sep 20 16:58:45 2021
 New token value: 0.650.

-/nCurrent Time: Mon Sep 20 16:58:46 2021
 FROM: G value:0.650.
-/nCurrent Time: Mon Sep 20 16:58:46 2021
 New token value: 0.640.

-/nCurrent Time: Mon Sep 20 16:58:47 2021
 FROM: G value:0.640.
-/nCurrent Time: Mon Sep 20 16:58:47 2021
 New token value: 0.624.

-/nCurrent Time: Mon Sep 20 16:58:48 2021
 FROM: G value:0.624.
-/nCurrent Time: Mon Sep 20 16:58:48 2021
 New token value: 0.610.

-/nCurrent Time: Mon Sep 20 16:58:49 2021
 FROM: G value:0.610.
-/nCurrent Time: Mon Sep 20 16:58:49 2021
 New token value: 0.592.

-/nCurrent Time: Mon Sep 20 16:58:50 2021
 FROM: G value:0.592.
-/nCurrent Time: Mon Sep 20 16:58:50 2021
 New token value: 0.576.

-/nCurrent Time: Mon Sep 20 16:58:51 2021
 FROM: G value:0.576.
-/nCurrent Time: Mon Sep 20 16:58:51 2021
 New token value: 0.559.

-/nCurrent Time: Mon Sep 20 16:58:52 2021
 FROM: G value:0.559.
-/nCurrent Time: Mon Sep 20 16:58:52 2021
 New token value: 0.543.

-/nCurrent Time: Mon Sep 20 16:58:53 2021
 FROM: G value:0.543.
-/nCurrent Time: Mon Sep 20 16:58:53 2021
 New token value: 0.532.

-/nCurrent Time: Mon Sep 20 16:58:54 2021
 FROM: G value:0.532.
-/nCurrent Time: Mon Sep 20 16:58:54 2021
 New token value: 0.518.

-/nCurrent Time: Mon Sep 20 16:58:55 2021
 FROM: G value:0.518.
-/nCurrent Time: Mon Sep 20 16:58:55 2021
 New token value: 0.502.

-/nCurrent Time: Mon Sep 20 16:58:56 2021
 FROM: G value:0.502.
-/nCurrent Time: Mon Sep 20 16:58:56 2021
 New token value: 0.485.

-/nCurrent Time: Mon Sep 20 16:58:57 2021
 FROM: G value:0.485.
-/nCurrent Time: Mon Sep 20 16:58:57 2021
 New token value: 0.468.

-/nCurrent Time: Mon Sep 20 16:58:58 2021
 FROM: G value:0.468.
-/nCurrent Time: Mon Sep 20 16:58:58 2021
 New token value: 0.450.

-/nCurrent Time: Mon Sep 20 16:58:59 2021
 FROM: G value:0.450.
-/nCurrent Time: Mon Sep 20 16:58:59 2021
 New token value: 0.436.

-/nCurrent Time: Mon Sep 20 16:59:00 2021
 FROM: G value:0.436.
-/nCurrent Time: Mon Sep 20 16:59:00 2021
 New token value: 0.422.

-/nCurrent Time: Mon Sep 20 16:59:01 2021
 FROM: G value:0.422.
-/nCurrent Time: Mon Sep 20 16:59:01 2021
 New token value: 0.410.

-/nCurrent Time: Mon Sep 20 16:59:02 2021
 FROM: G value:0.410.
-/nCurrent Time: Mon Sep 20 16:59:02 2021
 New token value: 0.393.

-/nCurrent Time: Mon Sep 20 16:59:03 2021
 FROM: G value:0.393.
-/nCurrent Time: Mon Sep 20 16:59:03 2021
 New token value: 0.381.

-/nCurrent Time: Mon Sep 20 16:59:04 2021
 FROM: G value:0.381.
-/nCurrent Time: Mon Sep 20 16:59:04 2021
 New token value: 0.364.

-/nCurrent Time: Mon Sep 20 16:59:05 2021
 FROM: G value:0.364.
-/nCurrent Time: Mon Sep 20 16:59:05 2021
 New token value: 0.345.

-/nCurrent Time: Mon Sep 20 16:59:06 2021
 FROM: G value:0.345.
-/nCurrent Time: Mon Sep 20 16:59:06 2021
 New token value: 0.328.

-/nCurrent Time: Mon Sep 20 16:59:07 2021
 FROM: G value:0.328.
-/nCurrent Time: Mon Sep 20 16:59:07 2021
 New token value: 0.317.

-/nCurrent Time: Mon Sep 20 16:59:08 2021
 FROM: G value:0.317.
-/nCurrent Time: Mon Sep 20 16:59:08 2021
 New token value: 0.305.

-/nCurrent Time: Mon Sep 20 16:59:09 2021
 FROM: G value:0.305.
-/nCurrent Time: Mon Sep 20 16:59:09 2021
 New token value: 0.283.

-/nCurrent Time: Mon Sep 20 16:59:10 2021
 FROM: G value:0.283.
-/nCurrent Time: Mon Sep 20 16:59:10 2021
 New token value: 0.265.

-/nCurrent Time: Mon Sep 20 16:59:11 2021
 FROM: G value:0.265.
-/nCurrent Time: Mon Sep 20 16:59:11 2021
 New token value: 0.245.

-/nCurrent Time: Mon Sep 20 16:59:12 2021
 FROM: G value:0.245.
-/nCurrent Time: Mon Sep 20 16:59:12 2021
 New token value: 0.231.

-/nCurrent Time: Mon Sep 20 16:59:13 2021
 FROM: G value:0.231.
-/nCurrent Time: Mon Sep 20 16:59:13 2021
 New token value: 0.211.

-/nCurrent Time: Mon Sep 20 16:59:14 2021
 FROM: G value:0.211.
-/nCurrent Time: Mon Sep 20 16:59:14 2021
 New token value: 0.195.

-/nCurrent Time: Mon Sep 20 16:59:15 2021
 FROM: G value:0.195.
-/nCurrent Time: Mon Sep 20 16:59:15 2021
 New token value: 0.181.

-/nCurrent Time: Mon Sep 20 16:59:16 2021
 FROM: G value:0.181.
-/nCurrent Time: Mon Sep 20 16:59:16 2021
 New token value: 0.164.

-/nCurrent Time: Mon Sep 20 16:59:17 2021
 FROM: G value:0.164.
-/nCurrent Time: Mon Sep 20 16:59:17 2021
 New token value: 0.151.

-/nCurrent Time: Mon Sep 20 16:59:18 2021
 FROM: G value:0.151.
-/nCurrent Time: Mon Sep 20 16:59:18 2021
 New token value: 0.133.

-/nCurrent Time: Mon Sep 20 16:59:19 2021
 FROM: G value:0.133.
-/nCurrent Time: Mon Sep 20 16:59:19 2021
 New token value: 0.114.

-/nCurrent Time: Mon Sep 20 16:59:20 2021
 FROM: G value:0.114.
-/nCurrent Time: Mon Sep 20 16:59:20 2021
 New token value: 0.092.

-/nCurrent Time: Mon Sep 20 16:59:21 2021
 FROM: G value:0.092.
-/nCurrent Time: Mon Sep 20 16:59:21 2021
 New token value: 0.072.

-/nCurrent Time: Mon Sep 20 16:59:42 2021
 FROM: G value:0.072.
-/nCurrent Time: Mon Sep 20 16:59:42 2021
 New token value: -0.643.

-/nCurrent Time: Mon Sep 20 16:59:43 2021
 FROM: G value:0.000.
-/nCurrent Time: Mon Sep 20 16:59:43 2021
 New token value: 0.171.

-/nCurrent Time: Mon Sep 20 16:59:44 2021
 FROM: G value:-0.643.
-/nCurrent Time: Mon Sep 20 16:59:44 2021
 New token value: -0.475.

-/nCurrent Time: Mon Sep 20 16:59:45 2021
 FROM: G value:0.171.
-/nCurrent Time: Mon Sep 20 16:59:45 2021
 New token value: 0.365.

-/nCurrent Time: Mon Sep 20 16:59:46 2021
 FROM: G value:-0.475.
-/nCurrent Time: Mon Sep 20 16:59:46 2021
 New token value: -0.412.

-/nCurrent Time: Mon Sep 20 16:59:47 2021
 FROM: G value:0.365.
-/nCurrent Time: Mon Sep 20 16:59:47 2021
 New token value: 0.419.

-/nCurrent Time: Mon Sep 20 16:59:48 2021
 FROM: G value:-0.412.
-/nCurrent Time: Mon Sep 20 16:59:48 2021
 New token value: -0.323.

-/nCurrent Time: Mon Sep 20 16:59:49 2021
 FROM: G value:0.419.
-/nCurrent Time: Mon Sep 20 16:59:49 2021
 New token value: 0.473.

-/nCurrent Time: Mon Sep 20 16:59:50 2021
 FROM: G value:-0.323.
-/nCurrent Time: Mon Sep 20 16:59:50 2021
 New token value: -0.247.

-/nCurrent Time: Mon Sep 20 16:59:51 2021
 FROM: G value:0.473.
-/nCurrent Time: Mon Sep 20 16:59:51 2021
 New token value: 0.524.

-/nCurrent Time: Mon Sep 20 16:59:52 2021
 FROM: G value:-0.247.
-/nCurrent Time: Mon Sep 20 16:59:52 2021
 New token value: -0.153.

-/nCurrent Time: Mon Sep 20 16:59:53 2021
 FROM: G value:0.524.
-/nCurrent Time: Mon Sep 20 16:59:53 2021
 New token value: 0.576.

-/nCurrent Time: Mon Sep 20 16:59:54 2021
 FROM: G value:-0.153.
-/nCurrent Time: Mon Sep 20 16:59:54 2021
 New token value: -0.088.

-/nCurrent Time: Mon Sep 20 16:59:55 2021
 FROM: G value:0.576.
-/nCurrent Time: Mon Sep 20 16:59:55 2021
 New token value: 0.636.

-/nCurrent Time: Mon Sep 20 16:59:56 2021
 FROM: G value:-0.088.
-/nCurrent Time: Mon Sep 20 16:59:56 2021
 New token value: -0.021.

-/nCurrent Time: Mon Sep 20 16:59:57 2021
 FROM: G value:0.636.
-/nCurrent Time: Mon Sep 20 16:59:57 2021
 New token value: 0.687.

-/nCurrent Time: Mon Sep 20 16:59:58 2021
 FROM: G value:-0.021.
-/nCurrent Time: Mon Sep 20 16:59:58 2021
 New token value: 0.070.

-/nCurrent Time: Mon Sep 20 16:59:59 2021
 FROM: G value:0.687.
-/nCurrent Time: Mon Sep 20 16:59:59 2021
 New token value: 0.736.

-/nCurrent Time: Mon Sep 20 17:00:00 2021
 FROM: G value:0.070.
-/nCurrent Time: Mon Sep 20 17:00:00 2021
 New token value: 0.132.

-/nCurrent Time: Mon Sep 20 17:00:01 2021
 FROM: G value:0.736.
-/nCurrent Time: Mon Sep 20 17:00:01 2021
 New token value: 0.781.

-/nCurrent Time: Mon Sep 20 17:00:02 2021
 FROM: G value:0.132.
-/nCurrent Time: Mon Sep 20 17:00:02 2021
 New token value: 0.184.

-/nCurrent Time: Mon Sep 20 17:00:03 2021
 FROM: G value:0.781.
-/nCurrent Time: Mon Sep 20 17:00:03 2021
 New token value: 0.823.

-/nCurrent Time: Mon Sep 20 17:00:04 2021
 FROM: G value:0.184.
-/nCurrent Time: Mon Sep 20 17:00:04 2021
 New token value: 0.251.

-/nCurrent Time: Mon Sep 20 17:00:05 2021
 FROM: G value:0.823.
-/nCurrent Time: Mon Sep 20 17:00:05 2021
 New token value: 0.867.

-/nCurrent Time: Mon Sep 20 17:00:06 2021
 FROM: G value:0.251.
-/nCurrent Time: Mon Sep 20 17:00:06 2021
 New token value: 0.305.

-/nCurrent Time: Mon Sep 20 17:00:07 2021
 FROM: G value:0.867.
-/nCurrent Time: Mon Sep 20 17:00:07 2021
 New token value: 0.913.

-/nCurrent Time: Mon Sep 20 17:00:08 2021
 FROM: G value:0.305.
-/nCurrent Time: Mon Sep 20 17:00:08 2021
 New token value: 0.362.

-/nCurrent Time: Mon Sep 20 17:00:09 2021
 FROM: G value:0.913.
-/nCurrent Time: Mon Sep 20 17:00:09 2021
 New token value: 0.954.

-/nCurrent Time: Mon Sep 20 17:00:10 2021
 FROM: G value:0.362.
-/nCurrent Time: Mon Sep 20 17:00:10 2021
 New token value: 0.423.

-/nCurrent Time: Mon Sep 20 17:00:11 2021
 FROM: G value:0.954.
-/nCurrent Time: Mon Sep 20 17:00:11 2021
 New token value: 0.995.

-/nCurrent Time: Mon Sep 20 17:00:12 2021
 FROM: G value:0.423.
-/nCurrent Time: Mon Sep 20 17:00:12 2021
 New token value: 0.475.

-/nCurrent Time: Mon Sep 20 17:00:13 2021
 FROM: G value:0.995.
-/nCurrent Time: Mon Sep 20 17:00:13 2021
 New token value: 1.000.

-/nCurrent Time: Mon Sep 20 17:00:14 2021
 FROM: G value:0.475.
-/nCurrent Time: Mon Sep 20 17:00:14 2021
 New token value: 0.409.

-/nCurrent Time: Mon Sep 20 17:00:15 2021
 FROM: G value:1.000.
-/nCurrent Time: Mon Sep 20 17:00:15 2021
 New token value: 0.933.

-/nCurrent Time: Mon Sep 20 17:00:16 2021
 FROM: G value:0.409.
-/nCurrent Time: Mon Sep 20 17:00:16 2021
 New token value: 0.352.

-/nCurrent Time: Mon Sep 20 17:00:17 2021
 FROM: G value:0.933.
-/nCurrent Time: Mon Sep 20 17:00:17 2021
 New token value: 0.885.

-/nCurrent Time: Mon Sep 20 17:00:18 2021
 FROM: G value:0.352.
-/nCurrent Time: Mon Sep 20 17:00:18 2021
 New token value: 0.294.

-/nCurrent Time: Mon Sep 20 17:00:19 2021
 FROM: G value:0.885.
-/nCurrent Time: Mon Sep 20 17:00:19 2021
 New token value: 0.840.

-/nCurrent Time: Mon Sep 20 17:00:20 2021
 FROM: G value:0.294.
-/nCurrent Time: Mon Sep 20 17:00:20 2021
 New token value: 0.240.

-/nCurrent Time: Mon Sep 20 17:00:21 2021
 FROM: G value:0.840.
-/nCurrent Time: Mon Sep 20 17:00:21 2021
 New token value: 0.794.

-/nCurrent Time: Mon Sep 20 17:00:22 2021
 FROM: G value:0.240.
-/nCurrent Time: Mon Sep 20 17:00:22 2021
 New token value: 0.173.

-/nCurrent Time: Mon Sep 20 17:00:23 2021
 FROM: G value:0.794.
-/nCurrent Time: Mon Sep 20 17:00:23 2021
 New token value: 0.715.

-/nCurrent Time: Mon Sep 20 17:00:24 2021
 FROM: G value:0.173.
-/nCurrent Time: Mon Sep 20 17:00:24 2021
 New token value: 0.102.

-/nCurrent Time: Mon Sep 20 17:00:25 2021
 FROM: G value:0.715.
-/nCurrent Time: Mon Sep 20 17:00:25 2021
 New token value: 0.660.

-/nCurrent Time: Mon Sep 20 17:00:26 2021
 FROM: G value:0.102.
-/nCurrent Time: Mon Sep 20 17:00:26 2021
 New token value: 0.009.

-/nCurrent Time: Mon Sep 20 17:00:27 2021
 FROM: G value:0.660.
-/nCurrent Time: Mon Sep 20 17:00:27 2021
 New token value: 0.595.

-/nCurrent Time: Mon Sep 20 17:00:28 2021
 FROM: G value:0.009.
-/nCurrent Time: Mon Sep 20 17:00:28 2021
 New token value: -0.058.

-/nCurrent Time: Mon Sep 20 17:00:29 2021
 FROM: G value:0.595.
-/nCurrent Time: Mon Sep 20 17:00:29 2021
 New token value: 0.538.

-/nCurrent Time: Mon Sep 20 17:00:30 2021
 FROM: G value:-0.058.
-/nCurrent Time: Mon Sep 20 17:00:30 2021
 New token value: -0.141.

-/nCurrent Time: Mon Sep 20 17:00:31 2021
 FROM: G value:0.538.
-/nCurrent Time: Mon Sep 20 17:00:31 2021
 New token value: 0.441.

-/nCurrent Time: Mon Sep 20 17:00:32 2021
 FROM: G value:-0.141.
-/nCurrent Time: Mon Sep 20 17:00:32 2021
 New token value: -0.245.

-/nCurrent Time: Mon Sep 20 17:00:33 2021
 FROM: G value:0.441.
-/nCurrent Time: Mon Sep 20 17:00:33 2021
 New token value: 0.353.

-/nCurrent Time: Mon Sep 20 17:00:34 2021
 FROM: G value:-0.245.
-/nCurrent Time: Mon Sep 20 17:00:34 2021
 New token value: -0.333.

-/nCurrent Time: Mon Sep 20 17:00:35 2021
 FROM: G value:0.353.
-/nCurrent Time: Mon Sep 20 17:00:35 2021
 New token value: 0.284.

-/nCurrent Time: Mon Sep 20 17:00:36 2021
 FROM: G value:-0.333.
-/nCurrent Time: Mon Sep 20 17:00:36 2021
 New token value: -0.394.

-/nCurrent Time: Mon Sep 20 17:00:37 2021
 FROM: G value:0.284.
-/nCurrent Time: Mon Sep 20 17:00:37 2021
 New token value: 0.210.

-/nCurrent Time: Mon Sep 20 17:00:38 2021
 FROM: G value:-0.394.
-/nCurrent Time: Mon Sep 20 17:00:38 2021
 New token value: -0.441.

-/nCurrent Time: Mon Sep 20 17:00:39 2021
 FROM: G value:0.210.
-/nCurrent Time: Mon Sep 20 17:00:39 2021
 New token value: 0.144.

-/nCurrent Time: Mon Sep 20 17:00:40 2021
 FROM: G value:-0.441.
-/nCurrent Time: Mon Sep 20 17:00:40 2021
 New token value: -0.542.

-/nCurrent Time: Mon Sep 20 17:00:41 2021
 FROM: G value:0.144.
-/nCurrent Time: Mon Sep 20 17:00:41 2021
 New token value: 0.041.

-/nCurrent Time: Mon Sep 20 17:00:42 2021
 FROM: G value:-0.542.
-/nCurrent Time: Mon Sep 20 17:00:42 2021
 New token value: -0.621.

-/nCurrent Time: Mon Sep 20 17:00:43 2021
 FROM: G value:0.041.
-/nCurrent Time: Mon Sep 20 17:00:43 2021
 New token value: -0.027.

-/nCurrent Time: Mon Sep 20 17:00:44 2021
 FROM: G value:-0.621.
-/nCurrent Time: Mon Sep 20 17:00:44 2021
 New token value: -0.699.

-/nCurrent Time: Mon Sep 20 17:00:45 2021
 FROM: G value:-0.027.
-/nCurrent Time: Mon Sep 20 17:00:45 2021
 New token value: -0.101.

-/nCurrent Time: Mon Sep 20 17:00:46 2021
 FROM: G value:-0.699.
-/nCurrent Time: Mon Sep 20 17:00:46 2021
 New token value: -0.776.

-/nCurrent Time: Mon Sep 20 17:00:47 2021
 FROM: G value:-0.101.
-/nCurrent Time: Mon Sep 20 17:00:47 2021
 New token value: -0.190.

-/nCurrent Time: Mon Sep 20 17:00:48 2021
 FROM: G value:-0.776.
-/nCurrent Time: Mon Sep 20 17:00:48 2021
 New token value: -0.842.

-/nCurrent Time: Mon Sep 20 17:00:49 2021
 FROM: G value:-0.190.
-/nCurrent Time: Mon Sep 20 17:00:49 2021
 New token value: -0.282.

-/nCurrent Time: Mon Sep 20 17:00:50 2021
 FROM: G value:-0.842.
-/nCurrent Time: Mon Sep 20 17:00:50 2021
 New token value: -0.911.

-/nCurrent Time: Mon Sep 20 17:00:51 2021
 FROM: G value:-0.282.
-/nCurrent Time: Mon Sep 20 17:00:51 2021
 New token value: -0.334.

-/nCurrent Time: Mon Sep 20 17:00:52 2021
 FROM: G value:-0.911.
-/nCurrent Time: Mon Sep 20 17:00:52 2021
 New token value: -0.949.

-/nCurrent Time: Mon Sep 20 17:00:53 2021
 FROM: G value:-0.334.
-/nCurrent Time: Mon Sep 20 17:00:53 2021
 New token value: -0.400.

-/nCurrent Time: Mon Sep 20 17:00:54 2021
 FROM: G value:-0.949.
-/nCurrent Time: Mon Sep 20 17:00:54 2021
 New token value: -0.994.

-/nCurrent Time: Mon Sep 20 17:00:55 2021
 FROM: G value:-0.400.
-/nCurrent Time: Mon Sep 20 17:00:55 2021
 New token value: -0.504.

-/nCurrent Time: Mon Sep 20 17:00:56 2021
 FROM: G value:-0.994.
-/nCurrent Time: Mon Sep 20 17:00:56 2021
 New token value: -1.000.

-/nCurrent Time: Mon Sep 20 17:00:57 2021
 FROM: G value:-0.504.
-/nCurrent Time: Mon Sep 20 17:00:57 2021
 New token value: -0.424.

-/nCurrent Time: Mon Sep 20 17:00:58 2021
 FROM: G value:-1.000.
-/nCurrent Time: Mon Sep 20 17:00:58 2021
 New token value: -0.922.

-/nCurrent Time: Mon Sep 20 17:00:59 2021
 FROM: G value:-0.424.
-/nCurrent Time: Mon Sep 20 17:00:59 2021
 New token value: -0.316.

-/nCurrent Time: Mon Sep 20 17:01:00 2021
 FROM: G value:-0.922.
-/nCurrent Time: Mon Sep 20 17:01:00 2021
 New token value: -0.865.

-/nCurrent Time: Mon Sep 20 17:01:01 2021
 FROM: G value:-0.316.
-/nCurrent Time: Mon Sep 20 17:01:01 2021
 New token value: -0.246.

-/nCurrent Time: Mon Sep 20 17:01:02 2021
 FROM: G value:-0.865.
-/nCurrent Time: Mon Sep 20 17:01:02 2021
 New token value: -0.790.

-/nCurrent Time: Mon Sep 20 17:01:03 2021
 FROM: G value:-0.246.
-/nCurrent Time: Mon Sep 20 17:01:03 2021
 New token value: -0.190.

-/nCurrent Time: Mon Sep 20 17:01:04 2021
 FROM: G value:-0.790.
-/nCurrent Time: Mon Sep 20 17:01:04 2021
 New token value: -0.747.

-/nCurrent Time: Mon Sep 20 17:01:05 2021
 FROM: G value:-0.190.
-/nCurrent Time: Mon Sep 20 17:01:05 2021
 New token value: -0.088.

-/nCurrent Time: Mon Sep 20 17:01:06 2021
 FROM: G value:-0.747.
-/nCurrent Time: Mon Sep 20 17:01:06 2021
 New token value: -0.667.

-/nCurrent Time: Mon Sep 20 17:01:07 2021
 FROM: G value:-0.088.
-/nCurrent Time: Mon Sep 20 17:01:07 2021
 New token value: -0.035.

-/nCurrent Time: Mon Sep 20 17:01:08 2021
 FROM: G value:-0.667.
-/nCurrent Time: Mon Sep 20 17:01:08 2021
 New token value: -0.620.

-/nCurrent Time: Mon Sep 20 17:01:09 2021
 FROM: G value:-0.035.
-/nCurrent Time: Mon Sep 20 17:01:09 2021
 New token value: 0.039.

-/nCurrent Time: Mon Sep 20 17:01:10 2021
 FROM: G value:-0.620.
-/nCurrent Time: Mon Sep 20 17:01:10 2021
 New token value: -0.530.

-/nCurrent Time: Mon Sep 20 17:01:11 2021
 FROM: G value:0.039.
-/nCurrent Time: Mon Sep 20 17:01:11 2021
 New token value: 0.129.

-/nCurrent Time: Mon Sep 20 17:01:12 2021
 FROM: G value:-0.530.
-/nCurrent Time: Mon Sep 20 17:01:12 2021
 New token value: -0.438.

-/nCurrent Time: Mon Sep 20 17:01:13 2021
 FROM: G value:0.129.
-/nCurrent Time: Mon Sep 20 17:01:13 2021
 New token value: 0.219.

-/nCurrent Time: Mon Sep 20 17:01:14 2021
 FROM: G value:-0.438.
-/nCurrent Time: Mon Sep 20 17:01:14 2021
 New token value: -0.348.

-/nCurrent Time: Mon Sep 20 17:01:15 2021
 FROM: G value:0.219.
-/nCurrent Time: Mon Sep 20 17:01:15 2021
 New token value: 0.317.

-/nCurrent Time: Mon Sep 20 17:01:16 2021
 FROM: G value:-0.348.
-/nCurrent Time: Mon Sep 20 17:01:16 2021
 New token value: -0.264.

-/nCurrent Time: Mon Sep 20 17:01:17 2021
 FROM: G value:0.317.
-/nCurrent Time: Mon Sep 20 17:01:17 2021
 New token value: 0.412.

-/nCurrent Time: Mon Sep 20 17:01:18 2021
 FROM: G value:-0.264.
-/nCurrent Time: Mon Sep 20 17:01:18 2021
 New token value: -0.182.

-/nCurrent Time: Mon Sep 20 17:01:19 2021
 FROM: G value:0.412.
-/nCurrent Time: Mon Sep 20 17:01:19 2021
 New token value: 0.501.

-/nCurrent Time: Mon Sep 20 17:01:20 2021
 FROM: G value:-0.182.
-/nCurrent Time: Mon Sep 20 17:01:20 2021
 New token value: -0.082.

-/nCurrent Time: Mon Sep 20 17:01:21 2021
 FROM: G value:0.501.
-/nCurrent Time: Mon Sep 20 17:01:21 2021
 New token value: 0.601.

-/nCurrent Time: Mon Sep 20 17:01:22 2021
 FROM: G value:-0.082.
-/nCurrent Time: Mon Sep 20 17:01:22 2021
 New token value: -0.018.

-/nCurrent Time: Mon Sep 20 17:01:23 2021
 FROM: G value:0.601.
-/nCurrent Time: Mon Sep 20 17:01:23 2021
 New token value: 0.652.

-/nCurrent Time: Mon Sep 20 17:01:24 2021
 FROM: G value:-0.018.
-/nCurrent Time: Mon Sep 20 17:01:24 2021
 New token value: 0.035.

-/nCurrent Time: Mon Sep 20 17:01:25 2021
 FROM: G value:0.652.
-/nCurrent Time: Mon Sep 20 17:01:25 2021
 New token value: 0.721.

-/nCurrent Time: Mon Sep 20 17:01:26 2021
 FROM: G value:0.035.
-/nCurrent Time: Mon Sep 20 17:01:26 2021
 New token value: 0.122.

-/nCurrent Time: Mon Sep 20 17:01:27 2021
 FROM: G value:0.721.
-/nCurrent Time: Mon Sep 20 17:01:27 2021
 New token value: 0.786.

-/nCurrent Time: Mon Sep 20 17:01:28 2021
 FROM: G value:0.122.
-/nCurrent Time: Mon Sep 20 17:01:28 2021
 New token value: 0.228.

